08-06 09:13 analysis     INFO     Running tracking stats analysis for year 2003
08-06 09:13 analysis     INFO     Run analysis on col cumoveroverlap
08-06 09:13 analysis     INFO     Run full analysis

08-06 09:13 analysis     INFO     Analysing 56 ensemble members
08-06 09:13 analysis     INFO     Position on cumoveroverlap
08-06 09:13 analysis     INFO     ==========================
08-06 09:13 analysis     INFO     
08-06 09:13 analysis     INFO     good_matches-scale:1;pl:995;tracker:nearest_neighbour
08-06 09:13 analysis     INFO       [(0, 2), (1, 2), (2, 5), (3, 6), (4, 7), (5, 34)]
08-06 09:13 analysis     INFO     good_matches-scale:1;pl:850;tracker:nearest_neighbour
08-06 09:13 analysis     INFO       [(0, 5), (1, 6), (2, 14), (3, 8), (4, 17), (5, 6)]
08-06 09:13 analysis     INFO     good_matches-scale:2;pl:995;tracker:nearest_neighbour
08-06 09:13 analysis     INFO       [(0, 6), (1, 5), (2, 12), (3, 14), (4, 14), (5, 5)]
08-06 09:13 analysis     INFO     good_matches-scale:2;pl:850;tracker:nearest_neighbour
08-06 09:13 analysis     INFO       [(0, 10), (1, 20), (2, 9), (3, 9), (4, 4), (5, 4)]
08-06 09:13 analysis     INFO     good_matches-scale:3;pl:995;tracker:nearest_neighbour
08-06 09:13 analysis     INFO       [(0, 9), (1, 7), (2, 9), (3, 14), (4, 11), (5, 6)]
08-06 09:13 analysis     INFO     good_matches-scale:3;pl:850;tracker:nearest_neighbour
08-06 09:13 analysis     INFO       [(0, 24), (1, 16), (2, 7), (3, 5), (4, 3), (5, 1)]
08-06 09:13 analysis     INFO     
08-06 09:13 analysis     INFO     Run 995 analysis

08-06 09:13 analysis     INFO     Analysing 56 ensemble members
08-06 09:13 analysis     INFO     Position on cumoveroverlap
08-06 09:13 analysis     INFO     ==========================
08-06 09:13 analysis     INFO     
08-06 09:13 analysis     INFO     good_matches-scale:1;pl:995;tracker:nearest_neighbour
08-06 09:13 analysis     INFO       [(0, 8), (1, 8), (2, 40)]
08-06 09:13 analysis     INFO     good_matches-scale:2;pl:995;tracker:nearest_neighbour
08-06 09:13 analysis     INFO       [(0, 19), (1, 29), (2, 8)]
08-06 09:13 analysis     INFO     good_matches-scale:3;pl:995;tracker:nearest_neighbour
08-06 09:13 analysis     INFO       [(0, 29), (1, 19), (2, 8)]
08-06 09:13 analysis     INFO     
08-06 09:13 analysis     INFO     Run 850 analysis

08-06 09:13 analysis     INFO     Analysing 56 ensemble members
08-06 09:13 analysis     INFO     Position on cumoveroverlap
08-06 09:13 analysis     INFO     ==========================
08-06 09:13 analysis     INFO     
08-06 09:13 analysis     INFO     good_matches-scale:1;pl:850;tracker:nearest_neighbour
08-06 09:13 analysis     INFO       [(0, 9), (1, 13), (2, 34)]
08-06 09:13 analysis     INFO     good_matches-scale:2;pl:850;tracker:nearest_neighbour
08-06 09:13 analysis     INFO       [(0, 14), (1, 27), (2, 15)]
08-06 09:13 analysis     INFO     good_matches-scale:3;pl:850;tracker:nearest_neighbour
08-06 09:13 analysis     INFO       [(0, 33), (1, 16), (2, 7)]
08-06 09:13 analysis     INFO     
08-06 09:13 analysis     INFO     Run scale 1 analysis

08-06 09:13 analysis     INFO     Analysing 56 ensemble members
08-06 09:13 analysis     INFO     Position on cumoveroverlap
08-06 09:13 analysis     INFO     ==========================
08-06 09:13 analysis     INFO     
08-06 09:13 analysis     INFO     good_matches-scale:1;pl:995;tracker:nearest_neighbour
08-06 09:13 analysis     INFO       [(0, 14), (1, 42)]
08-06 09:13 analysis     INFO     good_matches-scale:1;pl:850;tracker:nearest_neighbour
08-06 09:13 analysis     INFO       [(0, 42), (1, 14)]
08-06 09:13 analysis     INFO     
08-06 09:13 analysis     INFO     Run scale 2 analysis

08-06 09:13 analysis     INFO     Analysing 56 ensemble members
08-06 09:13 analysis     INFO     Position on cumoveroverlap
08-06 09:13 analysis     INFO     ==========================
08-06 09:13 analysis     INFO     
08-06 09:13 analysis     INFO     good_matches-scale:2;pl:995;tracker:nearest_neighbour
08-06 09:13 analysis     INFO       [(0, 17), (1, 39)]
08-06 09:13 analysis     INFO     good_matches-scale:2;pl:850;tracker:nearest_neighbour
08-06 09:13 analysis     INFO       [(0, 39), (1, 17)]
08-06 09:13 analysis     INFO     
08-06 09:13 analysis     INFO     Run scale 3 analysis

08-06 09:13 analysis     INFO     Analysing 56 ensemble members
08-06 09:13 analysis     INFO     Position on cumoveroverlap
08-06 09:13 analysis     INFO     ==========================
08-06 09:13 analysis     INFO     
08-06 09:13 analysis     INFO     good_matches-scale:3;pl:995;tracker:nearest_neighbour
08-06 09:13 analysis     INFO       [(0, 13), (1, 43)]
08-06 09:13 analysis     INFO     good_matches-scale:3;pl:850;tracker:nearest_neighbour
08-06 09:13 analysis     INFO       [(0, 43), (1, 13)]
08-06 09:13 analysis     INFO     
08-06 09:13 analysis     INFO     Run analysis on col avgdistovermatches
08-06 09:13 analysis     INFO     Run full analysis

08-06 09:13 analysis     INFO     Analysing 56 ensemble members
08-06 09:13 analysis     INFO     Position on avgdistovermatches
08-06 09:13 analysis     INFO     ==============================
08-06 09:13 analysis     INFO     
08-06 09:13 analysis     INFO     good_matches-scale:1;pl:995;tracker:nearest_neighbour
08-06 09:13 analysis     INFO       [(0, 2), (2, 3), (3, 6), (4, 14), (5, 31)]
08-06 09:13 analysis     INFO     good_matches-scale:1;pl:850;tracker:nearest_neighbour
08-06 09:13 analysis     INFO       [(0, 7), (1, 9), (2, 12), (3, 7), (4, 11), (5, 10)]
08-06 09:13 analysis     INFO     good_matches-scale:2;pl:995;tracker:nearest_neighbour
08-06 09:13 analysis     INFO       [(0, 5), (1, 8), (2, 12), (3, 13), (4, 13), (5, 5)]
08-06 09:13 analysis     INFO     good_matches-scale:2;pl:850;tracker:nearest_neighbour
08-06 09:13 analysis     INFO       [(0, 14), (1, 15), (2, 8), (3, 11), (4, 6), (5, 2)]
08-06 09:13 analysis     INFO     good_matches-scale:3;pl:995;tracker:nearest_neighbour
08-06 09:13 analysis     INFO       [(0, 7), (1, 7), (2, 10), (3, 15), (4, 10), (5, 7)]
08-06 09:13 analysis     INFO     good_matches-scale:3;pl:850;tracker:nearest_neighbour
08-06 09:13 analysis     INFO       [(0, 21), (1, 17), (2, 11), (3, 4), (4, 2), (5, 1)]
08-06 09:13 analysis     INFO     
08-06 09:13 analysis     INFO     Run 995 analysis

08-06 09:13 analysis     INFO     Analysing 56 ensemble members
08-06 09:13 analysis     INFO     Position on avgdistovermatches
08-06 09:13 analysis     INFO     ==============================
08-06 09:13 analysis     INFO     
08-06 09:13 analysis     INFO     good_matches-scale:1;pl:995;tracker:nearest_neighbour
08-06 09:13 analysis     INFO       [(0, 6), (1, 9), (2, 41)]
08-06 09:13 analysis     INFO     good_matches-scale:2;pl:995;tracker:nearest_neighbour
08-06 09:13 analysis     INFO       [(0, 25), (1, 25), (2, 6)]
08-06 09:13 analysis     INFO     good_matches-scale:3;pl:995;tracker:nearest_neighbour
08-06 09:13 analysis     INFO       [(0, 25), (1, 22), (2, 9)]
08-06 09:13 analysis     INFO     
08-06 09:13 analysis     INFO     Run 850 analysis

08-06 09:13 analysis     INFO     Analysing 56 ensemble members
08-06 09:13 analysis     INFO     Position on avgdistovermatches
08-06 09:13 analysis     INFO     ==============================
08-06 09:13 analysis     INFO     
08-06 09:13 analysis     INFO     good_matches-scale:1;pl:850;tracker:nearest_neighbour
08-06 09:13 analysis     INFO       [(0, 10), (1, 13), (2, 33)]
08-06 09:13 analysis     INFO     good_matches-scale:2;pl:850;tracker:nearest_neighbour
08-06 09:13 analysis     INFO       [(0, 16), (1, 26), (2, 14)]
08-06 09:13 analysis     INFO     good_matches-scale:3;pl:850;tracker:nearest_neighbour
08-06 09:13 analysis     INFO       [(0, 30), (1, 17), (2, 9)]
08-06 09:13 analysis     INFO     
08-06 09:13 analysis     INFO     Run scale 1 analysis

08-06 09:13 analysis     INFO     Analysing 56 ensemble members
08-06 09:13 analysis     INFO     Position on avgdistovermatches
08-06 09:13 analysis     INFO     ==============================
08-06 09:13 analysis     INFO     
08-06 09:13 analysis     INFO     good_matches-scale:1;pl:995;tracker:nearest_neighbour
08-06 09:13 analysis     INFO       [(0, 14), (1, 42)]
08-06 09:13 analysis     INFO     good_matches-scale:1;pl:850;tracker:nearest_neighbour
08-06 09:13 analysis     INFO       [(0, 42), (1, 14)]
08-06 09:13 analysis     INFO     
08-06 09:13 analysis     INFO     Run scale 2 analysis

08-06 09:13 analysis     INFO     Analysing 56 ensemble members
08-06 09:13 analysis     INFO     Position on avgdistovermatches
08-06 09:13 analysis     INFO     ==============================
08-06 09:13 analysis     INFO     
08-06 09:13 analysis     INFO     good_matches-scale:2;pl:995;tracker:nearest_neighbour
08-06 09:13 analysis     INFO       [(0, 17), (1, 39)]
08-06 09:13 analysis     INFO     good_matches-scale:2;pl:850;tracker:nearest_neighbour
08-06 09:13 analysis     INFO       [(0, 39), (1, 17)]
08-06 09:13 analysis     INFO     
08-06 09:13 analysis     INFO     Run scale 3 analysis

08-06 09:13 analysis     INFO     Analysing 56 ensemble members
08-06 09:13 analysis     INFO     Position on avgdistovermatches
08-06 09:13 analysis     INFO     ==============================
08-06 09:13 analysis     INFO     
08-06 09:13 analysis     INFO     good_matches-scale:3;pl:995;tracker:nearest_neighbour
08-06 09:13 analysis     INFO       [(0, 14), (1, 42)]
08-06 09:13 analysis     INFO     good_matches-scale:3;pl:850;tracker:nearest_neighbour
08-06 09:13 analysis     INFO       [(0, 42), (1, 14)]
08-06 09:13 analysis     INFO     
08-06 09:13 analysis     INFO     Run analysis on col avgdist
08-06 09:13 analysis     INFO     Run full analysis

08-06 09:13 analysis     INFO     Analysing 56 ensemble members
08-06 09:13 analysis     INFO     Position on avgdist
08-06 09:13 analysis     INFO     ===================
08-06 09:13 analysis     INFO     
08-06 09:13 analysis     INFO     good_matches-scale:1;pl:995;tracker:nearest_neighbour
08-06 09:13 analysis     INFO       [(0, 2), (1, 2), (2, 8), (3, 13), (4, 14), (5, 17)]
08-06 09:13 analysis     INFO     good_matches-scale:1;pl:850;tracker:nearest_neighbour
08-06 09:13 analysis     INFO       [(0, 16), (1, 20), (2, 11), (3, 4), (4, 3), (5, 2)]
08-06 09:13 analysis     INFO     good_matches-scale:2;pl:995;tracker:nearest_neighbour
08-06 09:13 analysis     INFO       [(0, 8), (1, 5), (2, 8), (3, 19), (4, 12), (5, 4)]
08-06 09:13 analysis     INFO     good_matches-scale:2;pl:850;tracker:nearest_neighbour
08-06 09:13 analysis     INFO       [(0, 24), (1, 14), (2, 10), (3, 6), (4, 2)]
08-06 09:13 analysis     INFO     good_matches-scale:3;pl:995;tracker:nearest_neighbour
08-06 09:13 analysis     INFO       [(0, 2), (1, 3), (2, 4), (3, 4), (4, 15), (5, 28)]
08-06 09:13 analysis     INFO     good_matches-scale:3;pl:850;tracker:nearest_neighbour
08-06 09:13 analysis     INFO       [(0, 4), (1, 12), (2, 15), (3, 10), (4, 10), (5, 5)]
08-06 09:13 analysis     INFO     
08-06 09:13 analysis     INFO     Run 995 analysis

08-06 09:13 analysis     INFO     Analysing 56 ensemble members
08-06 09:13 analysis     INFO     Position on avgdist
08-06 09:13 analysis     INFO     ===================
08-06 09:13 analysis     INFO     
08-06 09:13 analysis     INFO     good_matches-scale:1;pl:995;tracker:nearest_neighbour
08-06 09:13 analysis     INFO       [(0, 14), (1, 22), (2, 20)]
08-06 09:13 analysis     INFO     good_matches-scale:2;pl:995;tracker:nearest_neighbour
08-06 09:13 analysis     INFO       [(0, 31), (1, 20), (2, 5)]
08-06 09:13 analysis     INFO     good_matches-scale:3;pl:995;tracker:nearest_neighbour
08-06 09:13 analysis     INFO       [(0, 11), (1, 14), (2, 31)]
08-06 09:13 analysis     INFO     
08-06 09:13 analysis     INFO     Run 850 analysis

08-06 09:13 analysis     INFO     Analysing 56 ensemble members
08-06 09:13 analysis     INFO     Position on avgdist
08-06 09:13 analysis     INFO     ===================
08-06 09:13 analysis     INFO     
08-06 09:13 analysis     INFO     good_matches-scale:1;pl:850;tracker:nearest_neighbour
08-06 09:13 analysis     INFO       [(0, 24), (1, 20), (2, 12)]
08-06 09:13 analysis     INFO     good_matches-scale:2;pl:850;tracker:nearest_neighbour
08-06 09:13 analysis     INFO       [(0, 26), (1, 24), (2, 6)]
08-06 09:13 analysis     INFO     good_matches-scale:3;pl:850;tracker:nearest_neighbour
08-06 09:13 analysis     INFO       [(0, 6), (1, 12), (2, 38)]
08-06 09:13 analysis     INFO     
08-06 09:13 analysis     INFO     Run scale 1 analysis

08-06 09:13 analysis     INFO     Analysing 56 ensemble members
08-06 09:13 analysis     INFO     Position on avgdist
08-06 09:13 analysis     INFO     ===================
08-06 09:13 analysis     INFO     
08-06 09:13 analysis     INFO     good_matches-scale:1;pl:995;tracker:nearest_neighbour
08-06 09:13 analysis     INFO       [(0, 9), (1, 47)]
08-06 09:13 analysis     INFO     good_matches-scale:1;pl:850;tracker:nearest_neighbour
08-06 09:13 analysis     INFO       [(0, 47), (1, 9)]
08-06 09:13 analysis     INFO     
08-06 09:13 analysis     INFO     Run scale 2 analysis

08-06 09:13 analysis     INFO     Analysing 56 ensemble members
08-06 09:13 analysis     INFO     Position on avgdist
08-06 09:13 analysis     INFO     ===================
08-06 09:13 analysis     INFO     
08-06 09:13 analysis     INFO     good_matches-scale:2;pl:995;tracker:nearest_neighbour
08-06 09:13 analysis     INFO       [(0, 14), (1, 42)]
08-06 09:13 analysis     INFO     good_matches-scale:2;pl:850;tracker:nearest_neighbour
08-06 09:13 analysis     INFO       [(0, 42), (1, 14)]
08-06 09:13 analysis     INFO     
08-06 09:13 analysis     INFO     Run scale 3 analysis

08-06 09:13 analysis     INFO     Analysing 56 ensemble members
08-06 09:13 analysis     INFO     Position on avgdist
08-06 09:13 analysis     INFO     ===================
08-06 09:13 analysis     INFO     
08-06 09:13 analysis     INFO     good_matches-scale:3;pl:995;tracker:nearest_neighbour
08-06 09:13 analysis     INFO       [(0, 11), (1, 45)]
08-06 09:13 analysis     INFO     good_matches-scale:3;pl:850;tracker:nearest_neighbour
08-06 09:13 analysis     INFO       [(0, 45), (1, 11)]
08-06 09:13 analysis     INFO     
08-06 09:13 analysis     INFO     Run scale 1 wld

08-06 09:13 analysis     INFO     Win Lose Draw
08-06 09:13 analysis     INFO     =============
08-06 09:13 analysis     INFO     
08-06 09:13 analysis     INFO     good_matches-scale:1;pl:995;tracker:nearest_neighbour won: 336
08-06 09:13 analysis     INFO     good_matches-scale:1;pl:850;tracker:nearest_neighbour won: 448
08-06 09:13 analysis     INFO     draw: 392
08-06 09:13 analysis     INFO     
08-06 09:13 analysis     INFO     Run scale 2 wld

08-06 09:13 analysis     INFO     Win Lose Draw
08-06 09:13 analysis     INFO     =============
08-06 09:13 analysis     INFO     
08-06 09:13 analysis     INFO     good_matches-scale:2;pl:995;tracker:nearest_neighbour won: 336
08-06 09:13 analysis     INFO     good_matches-scale:2;pl:850;tracker:nearest_neighbour won: 448
08-06 09:13 analysis     INFO     draw: 392
08-06 09:13 analysis     INFO     
08-06 09:13 analysis     INFO     Run scale 3 wld

08-06 09:13 analysis     INFO     Win Lose Draw
08-06 09:13 analysis     INFO     =============
08-06 09:13 analysis     INFO     
08-06 09:13 analysis     INFO     good_matches-scale:3;pl:995;tracker:nearest_neighbour won: 336
08-06 09:13 analysis     INFO     good_matches-scale:3;pl:850;tracker:nearest_neighbour won: 448
08-06 09:13 analysis     INFO     draw: 392
08-06 09:13 analysis     INFO     
08-06 09:13 analysis     INFO     Running tracking stats analysis for year 2004
08-06 09:13 analysis     INFO     Run analysis on col cumoveroverlap
08-06 09:13 analysis     INFO     Run full analysis

08-06 09:13 analysis     INFO     Analysing 56 ensemble members
08-06 09:13 analysis     INFO     Position on cumoveroverlap
08-06 09:13 analysis     INFO     ==========================
08-06 09:13 analysis     INFO     
08-06 09:13 analysis     INFO     good_matches-scale:1;pl:995;tracker:nearest_neighbour
08-06 09:13 analysis     INFO       [(0, 2), (1, 5), (2, 7), (3, 10), (4, 8), (5, 24)]
08-06 09:13 analysis     INFO     good_matches-scale:1;pl:850;tracker:nearest_neighbour
08-06 09:13 analysis     INFO       [(0, 10), (1, 7), (2, 16), (3, 10), (4, 8), (5, 5)]
08-06 09:13 analysis     INFO     good_matches-scale:2;pl:995;tracker:nearest_neighbour
08-06 09:13 analysis     INFO       [(0, 1), (1, 4), (2, 6), (3, 11), (4, 22), (5, 12)]
08-06 09:13 analysis     INFO     good_matches-scale:2;pl:850;tracker:nearest_neighbour
08-06 09:13 analysis     INFO       [(0, 14), (1, 20), (2, 12), (3, 7), (4, 1), (5, 2)]
08-06 09:13 analysis     INFO     good_matches-scale:3;pl:995;tracker:nearest_neighbour
08-06 09:13 analysis     INFO       [(0, 6), (1, 4), (2, 4), (3, 15), (4, 16), (5, 11)]
08-06 09:13 analysis     INFO     good_matches-scale:3;pl:850;tracker:nearest_neighbour
08-06 09:13 analysis     INFO       [(0, 23), (1, 16), (2, 11), (3, 3), (4, 1), (5, 2)]
08-06 09:13 analysis     INFO     
08-06 09:13 analysis     INFO     Run 995 analysis

08-06 09:13 analysis     INFO     Analysing 56 ensemble members
08-06 09:13 analysis     INFO     Position on cumoveroverlap
08-06 09:13 analysis     INFO     ==========================
08-06 09:13 analysis     INFO     
08-06 09:13 analysis     INFO     good_matches-scale:1;pl:995;tracker:nearest_neighbour
08-06 09:13 analysis     INFO       [(0, 20), (1, 11), (2, 25)]
08-06 09:13 analysis     INFO     good_matches-scale:2;pl:995;tracker:nearest_neighbour
08-06 09:13 analysis     INFO       [(0, 13), (1, 26), (2, 17)]
08-06 09:13 analysis     INFO     good_matches-scale:3;pl:995;tracker:nearest_neighbour
08-06 09:13 analysis     INFO       [(0, 23), (1, 19), (2, 14)]
08-06 09:13 analysis     INFO     
08-06 09:13 analysis     INFO     Run 850 analysis

08-06 09:13 analysis     INFO     Analysing 56 ensemble members
08-06 09:13 analysis     INFO     Position on cumoveroverlap
08-06 09:13 analysis     INFO     ==========================
08-06 09:13 analysis     INFO     
08-06 09:13 analysis     INFO     good_matches-scale:1;pl:850;tracker:nearest_neighbour
08-06 09:13 analysis     INFO       [(0, 11), (1, 11), (2, 34)]
08-06 09:13 analysis     INFO     good_matches-scale:2;pl:850;tracker:nearest_neighbour
08-06 09:13 analysis     INFO       [(0, 19), (1, 24), (2, 13)]
08-06 09:13 analysis     INFO     good_matches-scale:3;pl:850;tracker:nearest_neighbour
08-06 09:13 analysis     INFO       [(0, 26), (1, 21), (2, 9)]
08-06 09:13 analysis     INFO     
08-06 09:13 analysis     INFO     Run scale 1 analysis

08-06 09:13 analysis     INFO     Analysing 56 ensemble members
08-06 09:13 analysis     INFO     Position on cumoveroverlap
08-06 09:13 analysis     INFO     ==========================
08-06 09:13 analysis     INFO     
08-06 09:13 analysis     INFO     good_matches-scale:1;pl:995;tracker:nearest_neighbour
08-06 09:13 analysis     INFO       [(0, 11), (1, 45)]
08-06 09:13 analysis     INFO     good_matches-scale:1;pl:850;tracker:nearest_neighbour
08-06 09:13 analysis     INFO       [(0, 45), (1, 11)]
08-06 09:13 analysis     INFO     
08-06 09:13 analysis     INFO     Run scale 2 analysis

08-06 09:13 analysis     INFO     Analysing 56 ensemble members
08-06 09:13 analysis     INFO     Position on cumoveroverlap
08-06 09:13 analysis     INFO     ==========================
08-06 09:13 analysis     INFO     
08-06 09:13 analysis     INFO     good_matches-scale:2;pl:995;tracker:nearest_neighbour
08-06 09:13 analysis     INFO       [(0, 7), (1, 49)]
08-06 09:13 analysis     INFO     good_matches-scale:2;pl:850;tracker:nearest_neighbour
08-06 09:13 analysis     INFO       [(0, 49), (1, 7)]
08-06 09:13 analysis     INFO     
08-06 09:13 analysis     INFO     Run scale 3 analysis

08-06 09:13 analysis     INFO     Analysing 56 ensemble members
08-06 09:13 analysis     INFO     Position on cumoveroverlap
08-06 09:13 analysis     INFO     ==========================
08-06 09:13 analysis     INFO     
08-06 09:13 analysis     INFO     good_matches-scale:3;pl:995;tracker:nearest_neighbour
08-06 09:13 analysis     INFO       [(0, 8), (1, 48)]
08-06 09:13 analysis     INFO     good_matches-scale:3;pl:850;tracker:nearest_neighbour
08-06 09:13 analysis     INFO       [(0, 48), (1, 8)]
08-06 09:13 analysis     INFO     
08-06 09:13 analysis     INFO     Run analysis on col avgdistovermatches
08-06 09:13 analysis     INFO     Run full analysis

08-06 09:13 analysis     INFO     Analysing 56 ensemble members
08-06 09:13 analysis     INFO     Position on avgdistovermatches
08-06 09:13 analysis     INFO     ==============================
08-06 09:13 analysis     INFO     
08-06 09:13 analysis     INFO     good_matches-scale:1;pl:995;tracker:nearest_neighbour
08-06 09:13 analysis     INFO       [(0, 5), (1, 5), (2, 5), (3, 11), (4, 10), (5, 20)]
08-06 09:13 analysis     INFO     good_matches-scale:1;pl:850;tracker:nearest_neighbour
08-06 09:13 analysis     INFO       [(0, 9), (1, 9), (2, 13), (3, 8), (4, 8), (5, 9)]
08-06 09:13 analysis     INFO     good_matches-scale:2;pl:995;tracker:nearest_neighbour
08-06 09:13 analysis     INFO       [(0, 5), (1, 6), (2, 6), (3, 9), (4, 15), (5, 15)]
08-06 09:13 analysis     INFO     good_matches-scale:2;pl:850;tracker:nearest_neighbour
08-06 09:13 analysis     INFO       [(0, 14), (1, 12), (2, 14), (3, 7), (4, 6), (5, 3)]
08-06 09:13 analysis     INFO     good_matches-scale:3;pl:995;tracker:nearest_neighbour
08-06 09:13 analysis     INFO       [(0, 7), (1, 12), (2, 8), (3, 13), (4, 10), (5, 6)]
08-06 09:13 analysis     INFO     good_matches-scale:3;pl:850;tracker:nearest_neighbour
08-06 09:13 analysis     INFO       [(0, 16), (1, 12), (2, 10), (3, 8), (4, 7), (5, 3)]
08-06 09:13 analysis     INFO     
08-06 09:13 analysis     INFO     Run 995 analysis

08-06 09:13 analysis     INFO     Analysing 56 ensemble members
08-06 09:13 analysis     INFO     Position on avgdistovermatches
08-06 09:13 analysis     INFO     ==============================
08-06 09:13 analysis     INFO     
08-06 09:13 analysis     INFO     good_matches-scale:1;pl:995;tracker:nearest_neighbour
08-06 09:13 analysis     INFO       [(0, 15), (1, 16), (2, 25)]
08-06 09:13 analysis     INFO     good_matches-scale:2;pl:995;tracker:nearest_neighbour
08-06 09:13 analysis     INFO       [(0, 14), (1, 19), (2, 23)]
08-06 09:13 analysis     INFO     good_matches-scale:3;pl:995;tracker:nearest_neighbour
08-06 09:13 analysis     INFO       [(0, 27), (1, 21), (2, 8)]
08-06 09:13 analysis     INFO     
08-06 09:13 analysis     INFO     Run 850 analysis

08-06 09:13 analysis     INFO     Analysing 56 ensemble members
08-06 09:13 analysis     INFO     Position on avgdistovermatches
08-06 09:13 analysis     INFO     ==============================
08-06 09:13 analysis     INFO     
08-06 09:13 analysis     INFO     good_matches-scale:1;pl:850;tracker:nearest_neighbour
08-06 09:13 analysis     INFO       [(0, 12), (1, 13), (2, 31)]
08-06 09:13 analysis     INFO     good_matches-scale:2;pl:850;tracker:nearest_neighbour
08-06 09:13 analysis     INFO       [(0, 21), (1, 21), (2, 14)]
08-06 09:13 analysis     INFO     good_matches-scale:3;pl:850;tracker:nearest_neighbour
08-06 09:13 analysis     INFO       [(0, 23), (1, 22), (2, 11)]
08-06 09:13 analysis     INFO     
08-06 09:13 analysis     INFO     Run scale 1 analysis

08-06 09:13 analysis     INFO     Analysing 56 ensemble members
08-06 09:13 analysis     INFO     Position on avgdistovermatches
08-06 09:13 analysis     INFO     ==============================
08-06 09:13 analysis     INFO     
08-06 09:13 analysis     INFO     good_matches-scale:1;pl:995;tracker:nearest_neighbour
08-06 09:13 analysis     INFO       [(0, 16), (1, 40)]
08-06 09:13 analysis     INFO     good_matches-scale:1;pl:850;tracker:nearest_neighbour
08-06 09:13 analysis     INFO       [(0, 40), (1, 16)]
08-06 09:13 analysis     INFO     
08-06 09:13 analysis     INFO     Run scale 2 analysis

08-06 09:13 analysis     INFO     Analysing 56 ensemble members
08-06 09:13 analysis     INFO     Position on avgdistovermatches
08-06 09:13 analysis     INFO     ==============================
08-06 09:13 analysis     INFO     
08-06 09:13 analysis     INFO     good_matches-scale:2;pl:995;tracker:nearest_neighbour
08-06 09:13 analysis     INFO       [(0, 16), (1, 40)]
08-06 09:13 analysis     INFO     good_matches-scale:2;pl:850;tracker:nearest_neighbour
08-06 09:13 analysis     INFO       [(0, 40), (1, 16)]
08-06 09:13 analysis     INFO     
08-06 09:13 analysis     INFO     Run scale 3 analysis

08-06 09:13 analysis     INFO     Analysing 56 ensemble members
08-06 09:13 analysis     INFO     Position on avgdistovermatches
08-06 09:13 analysis     INFO     ==============================
08-06 09:13 analysis     INFO     
08-06 09:13 analysis     INFO     good_matches-scale:3;pl:995;tracker:nearest_neighbour
08-06 09:13 analysis     INFO       [(0, 24), (1, 32)]
08-06 09:13 analysis     INFO     good_matches-scale:3;pl:850;tracker:nearest_neighbour
08-06 09:13 analysis     INFO       [(0, 32), (1, 24)]
08-06 09:13 analysis     INFO     
08-06 09:13 analysis     INFO     Run analysis on col avgdist
08-06 09:13 analysis     INFO     Run full analysis

08-06 09:13 analysis     INFO     Analysing 56 ensemble members
08-06 09:13 analysis     INFO     Position on avgdist
08-06 09:13 analysis     INFO     ===================
08-06 09:13 analysis     INFO     
08-06 09:13 analysis     INFO     good_matches-scale:1;pl:995;tracker:nearest_neighbour
08-06 09:13 analysis     INFO       [(0, 4), (1, 5), (2, 7), (3, 8), (4, 13), (5, 19)]
08-06 09:13 analysis     INFO     good_matches-scale:1;pl:850;tracker:nearest_neighbour
08-06 09:13 analysis     INFO       [(0, 4), (1, 7), (2, 7), (3, 13), (4, 10), (5, 15)]
08-06 09:13 analysis     INFO     good_matches-scale:2;pl:995;tracker:nearest_neighbour
08-06 09:13 analysis     INFO       [(0, 10), (1, 10), (2, 9), (3, 10), (4, 11), (5, 6)]
08-06 09:13 analysis     INFO     good_matches-scale:2;pl:850;tracker:nearest_neighbour
08-06 09:13 analysis     INFO       [(0, 17), (1, 11), (2, 7), (3, 12), (4, 5), (5, 4)]
08-06 09:13 analysis     INFO     good_matches-scale:3;pl:995;tracker:nearest_neighbour
08-06 09:13 analysis     INFO       [(0, 9), (1, 11), (2, 14), (3, 7), (4, 9), (5, 6)]
08-06 09:13 analysis     INFO     good_matches-scale:3;pl:850;tracker:nearest_neighbour
08-06 09:13 analysis     INFO       [(0, 12), (1, 12), (2, 12), (3, 6), (4, 8), (5, 6)]
08-06 09:13 analysis     INFO     
08-06 09:13 analysis     INFO     Run 995 analysis

08-06 09:13 analysis     INFO     Analysing 56 ensemble members
08-06 09:13 analysis     INFO     Position on avgdist
08-06 09:13 analysis     INFO     ===================
08-06 09:13 analysis     INFO     
08-06 09:13 analysis     INFO     good_matches-scale:1;pl:995;tracker:nearest_neighbour
08-06 09:13 analysis     INFO       [(0, 13), (1, 12), (2, 31)]
08-06 09:13 analysis     INFO     good_matches-scale:2;pl:995;tracker:nearest_neighbour
08-06 09:13 analysis     INFO       [(0, 21), (1, 21), (2, 14)]
08-06 09:13 analysis     INFO     good_matches-scale:3;pl:995;tracker:nearest_neighbour
08-06 09:13 analysis     INFO       [(0, 22), (1, 23), (2, 11)]
08-06 09:13 analysis     INFO     
08-06 09:13 analysis     INFO     Run 850 analysis

08-06 09:13 analysis     INFO     Analysing 56 ensemble members
08-06 09:13 analysis     INFO     Position on avgdist
08-06 09:13 analysis     INFO     ===================
08-06 09:13 analysis     INFO     
08-06 09:13 analysis     INFO     good_matches-scale:1;pl:850;tracker:nearest_neighbour
08-06 09:13 analysis     INFO       [(0, 8), (1, 15), (2, 33)]
08-06 09:13 analysis     INFO     good_matches-scale:2;pl:850;tracker:nearest_neighbour
08-06 09:13 analysis     INFO       [(0, 29), (1, 16), (2, 11)]
08-06 09:13 analysis     INFO     good_matches-scale:3;pl:850;tracker:nearest_neighbour
08-06 09:13 analysis     INFO       [(0, 19), (1, 25), (2, 12)]
08-06 09:13 analysis     INFO     
08-06 09:13 analysis     INFO     Run scale 1 analysis

08-06 09:13 analysis     INFO     Analysing 56 ensemble members
08-06 09:13 analysis     INFO     Position on avgdist
08-06 09:13 analysis     INFO     ===================
08-06 09:13 analysis     INFO     
08-06 09:13 analysis     INFO     good_matches-scale:1;pl:995;tracker:nearest_neighbour
08-06 09:13 analysis     INFO       [(0, 24), (1, 32)]
08-06 09:13 analysis     INFO     good_matches-scale:1;pl:850;tracker:nearest_neighbour
08-06 09:13 analysis     INFO       [(0, 32), (1, 24)]
08-06 09:13 analysis     INFO     
08-06 09:13 analysis     INFO     Run scale 2 analysis

08-06 09:13 analysis     INFO     Analysing 56 ensemble members
08-06 09:13 analysis     INFO     Position on avgdist
08-06 09:13 analysis     INFO     ===================
08-06 09:13 analysis     INFO     
08-06 09:13 analysis     INFO     good_matches-scale:2;pl:995;tracker:nearest_neighbour
08-06 09:13 analysis     INFO       [(0, 27), (1, 29)]
08-06 09:13 analysis     INFO     good_matches-scale:2;pl:850;tracker:nearest_neighbour
08-06 09:13 analysis     INFO       [(0, 29), (1, 27)]
08-06 09:13 analysis     INFO     
08-06 09:13 analysis     INFO     Run scale 3 analysis

08-06 09:13 analysis     INFO     Analysing 56 ensemble members
08-06 09:13 analysis     INFO     Position on avgdist
08-06 09:13 analysis     INFO     ===================
08-06 09:13 analysis     INFO     
08-06 09:13 analysis     INFO     good_matches-scale:3;pl:995;tracker:nearest_neighbour
08-06 09:13 analysis     INFO       [(0, 29), (1, 27)]
08-06 09:13 analysis     INFO     good_matches-scale:3;pl:850;tracker:nearest_neighbour
08-06 09:13 analysis     INFO       [(0, 27), (1, 29)]
08-06 09:13 analysis     INFO     
08-06 09:13 analysis     INFO     Run scale 1 wld

08-06 09:13 analysis     INFO     Win Lose Draw
08-06 09:13 analysis     INFO     =============
08-06 09:13 analysis     INFO     
08-06 09:13 analysis     INFO     good_matches-scale:1;pl:995;tracker:nearest_neighbour won: 336
08-06 09:13 analysis     INFO     good_matches-scale:1;pl:850;tracker:nearest_neighbour won: 504
08-06 09:13 analysis     INFO     draw: 56
08-06 09:13 analysis     INFO     
08-06 09:13 analysis     INFO     Run scale 2 wld

08-06 09:13 analysis     INFO     Win Lose Draw
08-06 09:13 analysis     INFO     =============
08-06 09:13 analysis     INFO     
08-06 09:13 analysis     INFO     good_matches-scale:2;pl:995;tracker:nearest_neighbour won: 336
08-06 09:13 analysis     INFO     good_matches-scale:2;pl:850;tracker:nearest_neighbour won: 448
08-06 09:13 analysis     INFO     draw: 112
08-06 09:13 analysis     INFO     
08-06 09:13 analysis     INFO     Run scale 3 wld

08-06 09:13 analysis     INFO     Win Lose Draw
08-06 09:13 analysis     INFO     =============
08-06 09:13 analysis     INFO     
08-06 09:13 analysis     INFO     good_matches-scale:3;pl:995;tracker:nearest_neighbour won: 280
08-06 09:13 analysis     INFO     good_matches-scale:3;pl:850;tracker:nearest_neighbour won: 560
08-06 09:13 analysis     INFO     draw: 56
08-06 09:13 analysis     INFO     
08-06 09:13 analysis     INFO     Running tracking stats analysis for year 2005
08-06 09:13 analysis     INFO     Run analysis on col cumoveroverlap
08-06 09:13 analysis     INFO     Run full analysis

08-06 09:13 analysis     INFO     Analysing 56 ensemble members
08-06 09:14 analysis     INFO     Position on cumoveroverlap
08-06 09:14 analysis     INFO     ==========================
08-06 09:14 analysis     INFO     
08-06 09:14 analysis     INFO     good_matches-scale:1;pl:995;tracker:nearest_neighbour
08-06 09:14 analysis     INFO       [(0, 1), (1, 1), (2, 7), (3, 12), (4, 12), (5, 23)]
08-06 09:14 analysis     INFO     good_matches-scale:1;pl:850;tracker:nearest_neighbour
08-06 09:14 analysis     INFO       [(1, 2), (2, 9), (3, 7), (4, 17), (5, 21)]
08-06 09:14 analysis     INFO     good_matches-scale:2;pl:995;tracker:nearest_neighbour
08-06 09:14 analysis     INFO       [(0, 7), (1, 9), (2, 9), (3, 11), (4, 14), (5, 6)]
08-06 09:14 analysis     INFO     good_matches-scale:2;pl:850;tracker:nearest_neighbour
08-06 09:14 analysis     INFO       [(0, 9), (1, 17), (2, 13), (3, 9), (4, 5), (5, 3)]
08-06 09:14 analysis     INFO     good_matches-scale:3;pl:995;tracker:nearest_neighbour
08-06 09:14 analysis     INFO       [(0, 12), (1, 16), (2, 11), (3, 10), (4, 4), (5, 3)]
08-06 09:14 analysis     INFO     good_matches-scale:3;pl:850;tracker:nearest_neighbour
08-06 09:14 analysis     INFO       [(0, 27), (1, 11), (2, 7), (3, 7), (4, 4)]
08-06 09:14 analysis     INFO     
08-06 09:14 analysis     INFO     Run 995 analysis

08-06 09:14 analysis     INFO     Analysing 56 ensemble members
08-06 09:14 analysis     INFO     Position on cumoveroverlap
08-06 09:14 analysis     INFO     ==========================
08-06 09:14 analysis     INFO     
08-06 09:14 analysis     INFO     good_matches-scale:1;pl:995;tracker:nearest_neighbour
08-06 09:14 analysis     INFO       [(0, 7), (1, 9), (2, 40)]
08-06 09:14 analysis     INFO     good_matches-scale:2;pl:995;tracker:nearest_neighbour
08-06 09:14 analysis     INFO       [(0, 16), (1, 28), (2, 12)]
08-06 09:14 analysis     INFO     good_matches-scale:3;pl:995;tracker:nearest_neighbour
08-06 09:14 analysis     INFO       [(0, 33), (1, 19), (2, 4)]
08-06 09:14 analysis     INFO     
08-06 09:14 analysis     INFO     Run 850 analysis

08-06 09:14 analysis     INFO     Analysing 56 ensemble members
08-06 09:14 analysis     INFO     Position on cumoveroverlap
08-06 09:14 analysis     INFO     ==========================
08-06 09:14 analysis     INFO     
08-06 09:14 analysis     INFO     good_matches-scale:1;pl:850;tracker:nearest_neighbour
08-06 09:14 analysis     INFO       [(0, 1), (1, 9), (2, 46)]
08-06 09:14 analysis     INFO     good_matches-scale:2;pl:850;tracker:nearest_neighbour
08-06 09:14 analysis     INFO       [(0, 16), (1, 33), (2, 7)]
08-06 09:14 analysis     INFO     good_matches-scale:3;pl:850;tracker:nearest_neighbour
08-06 09:14 analysis     INFO       [(0, 39), (1, 14), (2, 3)]
08-06 09:14 analysis     INFO     
08-06 09:14 analysis     INFO     Run scale 1 analysis

08-06 09:14 analysis     INFO     Analysing 56 ensemble members
08-06 09:14 analysis     INFO     Position on cumoveroverlap
08-06 09:14 analysis     INFO     ==========================
08-06 09:14 analysis     INFO     
08-06 09:14 analysis     INFO     good_matches-scale:1;pl:995;tracker:nearest_neighbour
08-06 09:14 analysis     INFO       [(0, 27), (1, 29)]
08-06 09:14 analysis     INFO     good_matches-scale:1;pl:850;tracker:nearest_neighbour
08-06 09:14 analysis     INFO       [(0, 29), (1, 27)]
08-06 09:14 analysis     INFO     
08-06 09:14 analysis     INFO     Run scale 2 analysis

08-06 09:14 analysis     INFO     Analysing 56 ensemble members
08-06 09:14 analysis     INFO     Position on cumoveroverlap
08-06 09:14 analysis     INFO     ==========================
08-06 09:14 analysis     INFO     
08-06 09:14 analysis     INFO     good_matches-scale:2;pl:995;tracker:nearest_neighbour
08-06 09:14 analysis     INFO       [(0, 20), (1, 36)]
08-06 09:14 analysis     INFO     good_matches-scale:2;pl:850;tracker:nearest_neighbour
08-06 09:14 analysis     INFO       [(0, 36), (1, 20)]
08-06 09:14 analysis     INFO     
08-06 09:14 analysis     INFO     Run scale 3 analysis

08-06 09:14 analysis     INFO     Analysing 56 ensemble members
08-06 09:14 analysis     INFO     Position on cumoveroverlap
08-06 09:14 analysis     INFO     ==========================
08-06 09:14 analysis     INFO     
08-06 09:14 analysis     INFO     good_matches-scale:3;pl:995;tracker:nearest_neighbour
08-06 09:14 analysis     INFO       [(0, 21), (1, 35)]
08-06 09:14 analysis     INFO     good_matches-scale:3;pl:850;tracker:nearest_neighbour
08-06 09:14 analysis     INFO       [(0, 35), (1, 21)]
08-06 09:14 analysis     INFO     
08-06 09:14 analysis     INFO     Run analysis on col avgdistovermatches
08-06 09:14 analysis     INFO     Run full analysis

08-06 09:14 analysis     INFO     Analysing 56 ensemble members
08-06 09:14 analysis     INFO     Position on avgdistovermatches
08-06 09:14 analysis     INFO     ==============================
08-06 09:14 analysis     INFO     
08-06 09:14 analysis     INFO     good_matches-scale:1;pl:995;tracker:nearest_neighbour
08-06 09:14 analysis     INFO       [(0, 2), (1, 3), (2, 6), (3, 8), (4, 19), (5, 18)]
08-06 09:14 analysis     INFO     good_matches-scale:1;pl:850;tracker:nearest_neighbour
08-06 09:14 analysis     INFO       [(1, 5), (2, 9), (3, 7), (4, 12), (5, 23)]
08-06 09:14 analysis     INFO     good_matches-scale:2;pl:995;tracker:nearest_neighbour
08-06 09:14 analysis     INFO       [(0, 6), (1, 9), (2, 7), (3, 14), (4, 12), (5, 8)]
08-06 09:14 analysis     INFO     good_matches-scale:2;pl:850;tracker:nearest_neighbour
08-06 09:14 analysis     INFO       [(0, 7), (1, 13), (2, 14), (3, 9), (4, 10), (5, 3)]
08-06 09:14 analysis     INFO     good_matches-scale:3;pl:995;tracker:nearest_neighbour
08-06 09:14 analysis     INFO       [(0, 12), (1, 15), (2, 11), (3, 13), (4, 1), (5, 4)]
08-06 09:14 analysis     INFO     good_matches-scale:3;pl:850;tracker:nearest_neighbour
08-06 09:14 analysis     INFO       [(0, 29), (1, 11), (2, 9), (3, 5), (4, 2)]
08-06 09:14 analysis     INFO     
08-06 09:14 analysis     INFO     Run 995 analysis

08-06 09:14 analysis     INFO     Analysing 56 ensemble members
08-06 09:14 analysis     INFO     Position on avgdistovermatches
08-06 09:14 analysis     INFO     ==============================
08-06 09:14 analysis     INFO     
08-06 09:14 analysis     INFO     good_matches-scale:1;pl:995;tracker:nearest_neighbour
08-06 09:14 analysis     INFO       [(0, 7), (1, 14), (2, 35)]
08-06 09:14 analysis     INFO     good_matches-scale:2;pl:995;tracker:nearest_neighbour
08-06 09:14 analysis     INFO       [(0, 14), (1, 26), (2, 16)]
08-06 09:14 analysis     INFO     good_matches-scale:3;pl:995;tracker:nearest_neighbour
08-06 09:14 analysis     INFO       [(0, 35), (1, 16), (2, 5)]
08-06 09:14 analysis     INFO     
08-06 09:14 analysis     INFO     Run 850 analysis

08-06 09:14 analysis     INFO     Analysing 56 ensemble members
08-06 09:14 analysis     INFO     Position on avgdistovermatches
08-06 09:14 analysis     INFO     ==============================
08-06 09:14 analysis     INFO     
08-06 09:14 analysis     INFO     good_matches-scale:1;pl:850;tracker:nearest_neighbour
08-06 09:14 analysis     INFO       [(0, 1), (1, 12), (2, 43)]
08-06 09:14 analysis     INFO     good_matches-scale:2;pl:850;tracker:nearest_neighbour
08-06 09:14 analysis     INFO       [(0, 13), (1, 30), (2, 13)]
08-06 09:14 analysis     INFO     good_matches-scale:3;pl:850;tracker:nearest_neighbour
08-06 09:14 analysis     INFO       [(0, 42), (1, 14)]
08-06 09:14 analysis     INFO     
08-06 09:14 analysis     INFO     Run scale 1 analysis

08-06 09:14 analysis     INFO     Analysing 56 ensemble members
08-06 09:14 analysis     INFO     Position on avgdistovermatches
08-06 09:14 analysis     INFO     ==============================
08-06 09:14 analysis     INFO     
08-06 09:14 analysis     INFO     good_matches-scale:1;pl:995;tracker:nearest_neighbour
08-06 09:14 analysis     INFO       [(0, 30), (1, 26)]
08-06 09:14 analysis     INFO     good_matches-scale:1;pl:850;tracker:nearest_neighbour
08-06 09:14 analysis     INFO       [(0, 26), (1, 30)]
08-06 09:14 analysis     INFO     
08-06 09:14 analysis     INFO     Run scale 2 analysis

08-06 09:14 analysis     INFO     Analysing 56 ensemble members
08-06 09:14 analysis     INFO     Position on avgdistovermatches
08-06 09:14 analysis     INFO     ==============================
08-06 09:14 analysis     INFO     
08-06 09:14 analysis     INFO     good_matches-scale:2;pl:995;tracker:nearest_neighbour
08-06 09:14 analysis     INFO       [(0, 23), (1, 33)]
08-06 09:14 analysis     INFO     good_matches-scale:2;pl:850;tracker:nearest_neighbour
08-06 09:14 analysis     INFO       [(0, 33), (1, 23)]
08-06 09:14 analysis     INFO     
08-06 09:14 analysis     INFO     Run scale 3 analysis

08-06 09:14 analysis     INFO     Analysing 56 ensemble members
08-06 09:14 analysis     INFO     Position on avgdistovermatches
08-06 09:14 analysis     INFO     ==============================
08-06 09:14 analysis     INFO     
08-06 09:14 analysis     INFO     good_matches-scale:3;pl:995;tracker:nearest_neighbour
08-06 09:14 analysis     INFO       [(0, 18), (1, 38)]
08-06 09:14 analysis     INFO     good_matches-scale:3;pl:850;tracker:nearest_neighbour
08-06 09:14 analysis     INFO       [(0, 38), (1, 18)]
08-06 09:14 analysis     INFO     
08-06 09:14 analysis     INFO     Run analysis on col avgdist
08-06 09:14 analysis     INFO     Run full analysis

08-06 09:14 analysis     INFO     Analysing 56 ensemble members
08-06 09:14 analysis     INFO     Position on avgdist
08-06 09:14 analysis     INFO     ===================
08-06 09:14 analysis     INFO     
08-06 09:14 analysis     INFO     good_matches-scale:1;pl:995;tracker:nearest_neighbour
08-06 09:14 analysis     INFO       [(0, 12), (1, 6), (2, 10), (3, 13), (4, 9), (5, 6)]
08-06 09:14 analysis     INFO     good_matches-scale:1;pl:850;tracker:nearest_neighbour
08-06 09:14 analysis     INFO       [(0, 6), (1, 6), (2, 9), (3, 9), (4, 10), (5, 16)]
08-06 09:14 analysis     INFO     good_matches-scale:2;pl:995;tracker:nearest_neighbour
08-06 09:14 analysis     INFO       [(0, 9), (1, 13), (2, 9), (3, 5), (4, 8), (5, 12)]
08-06 09:14 analysis     INFO     good_matches-scale:2;pl:850;tracker:nearest_neighbour
08-06 09:14 analysis     INFO       [(0, 14), (1, 10), (2, 9), (3, 7), (4, 9), (5, 7)]
08-06 09:14 analysis     INFO     good_matches-scale:3;pl:995;tracker:nearest_neighbour
08-06 09:14 analysis     INFO       [(0, 7), (1, 9), (2, 8), (3, 10), (4, 12), (5, 10)]
08-06 09:14 analysis     INFO     good_matches-scale:3;pl:850;tracker:nearest_neighbour
08-06 09:14 analysis     INFO       [(0, 8), (1, 12), (2, 11), (3, 12), (4, 8), (5, 5)]
08-06 09:14 analysis     INFO     
08-06 09:14 analysis     INFO     Run 995 analysis

08-06 09:14 analysis     INFO     Analysing 56 ensemble members
08-06 09:14 analysis     INFO     Position on avgdist
08-06 09:14 analysis     INFO     ===================
08-06 09:14 analysis     INFO     
08-06 09:14 analysis     INFO     good_matches-scale:1;pl:995;tracker:nearest_neighbour
08-06 09:14 analysis     INFO       [(0, 24), (1, 14), (2, 18)]
08-06 09:14 analysis     INFO     good_matches-scale:2;pl:995;tracker:nearest_neighbour
08-06 09:14 analysis     INFO       [(0, 20), (1, 18), (2, 18)]
08-06 09:14 analysis     INFO     good_matches-scale:3;pl:995;tracker:nearest_neighbour
08-06 09:14 analysis     INFO       [(0, 12), (1, 24), (2, 20)]
08-06 09:14 analysis     INFO     
08-06 09:14 analysis     INFO     Run 850 analysis

08-06 09:14 analysis     INFO     Analysing 56 ensemble members
08-06 09:14 analysis     INFO     Position on avgdist
08-06 09:14 analysis     INFO     ===================
08-06 09:14 analysis     INFO     
08-06 09:14 analysis     INFO     good_matches-scale:1;pl:850;tracker:nearest_neighbour
08-06 09:14 analysis     INFO       [(0, 12), (1, 14), (2, 30)]
08-06 09:14 analysis     INFO     good_matches-scale:2;pl:850;tracker:nearest_neighbour
08-06 09:14 analysis     INFO       [(0, 21), (1, 24), (2, 11)]
08-06 09:14 analysis     INFO     good_matches-scale:3;pl:850;tracker:nearest_neighbour
08-06 09:14 analysis     INFO       [(0, 23), (1, 18), (2, 15)]
08-06 09:14 analysis     INFO     
08-06 09:14 analysis     INFO     Run scale 1 analysis

08-06 09:14 analysis     INFO     Analysing 56 ensemble members
08-06 09:14 analysis     INFO     Position on avgdist
08-06 09:14 analysis     INFO     ===================
08-06 09:14 analysis     INFO     
08-06 09:14 analysis     INFO     good_matches-scale:1;pl:995;tracker:nearest_neighbour
08-06 09:14 analysis     INFO       [(0, 35), (1, 21)]
08-06 09:14 analysis     INFO     good_matches-scale:1;pl:850;tracker:nearest_neighbour
08-06 09:14 analysis     INFO       [(0, 21), (1, 35)]
08-06 09:14 analysis     INFO     
08-06 09:14 analysis     INFO     Run scale 2 analysis

08-06 09:14 analysis     INFO     Analysing 56 ensemble members
08-06 09:14 analysis     INFO     Position on avgdist
08-06 09:14 analysis     INFO     ===================
08-06 09:14 analysis     INFO     
08-06 09:14 analysis     INFO     good_matches-scale:2;pl:995;tracker:nearest_neighbour
08-06 09:14 analysis     INFO       [(0, 25), (1, 31)]
08-06 09:14 analysis     INFO     good_matches-scale:2;pl:850;tracker:nearest_neighbour
08-06 09:14 analysis     INFO       [(0, 31), (1, 25)]
08-06 09:14 analysis     INFO     
08-06 09:14 analysis     INFO     Run scale 3 analysis

08-06 09:14 analysis     INFO     Analysing 56 ensemble members
08-06 09:14 analysis     INFO     Position on avgdist
08-06 09:14 analysis     INFO     ===================
08-06 09:14 analysis     INFO     
08-06 09:14 analysis     INFO     good_matches-scale:3;pl:995;tracker:nearest_neighbour
08-06 09:14 analysis     INFO       [(0, 22), (1, 34)]
08-06 09:14 analysis     INFO     good_matches-scale:3;pl:850;tracker:nearest_neighbour
08-06 09:14 analysis     INFO       [(0, 34), (1, 22)]
08-06 09:14 analysis     INFO     
08-06 09:14 analysis     INFO     Run scale 1 wld

08-06 09:14 analysis     INFO     Win Lose Draw
08-06 09:14 analysis     INFO     =============
08-06 09:14 analysis     INFO     
08-06 09:14 analysis     INFO     good_matches-scale:1;pl:995;tracker:nearest_neighbour won: 560
08-06 09:14 analysis     INFO     good_matches-scale:1;pl:850;tracker:nearest_neighbour won: 784
08-06 09:14 analysis     INFO     draw: 392
08-06 09:14 analysis     INFO     
08-06 09:14 analysis     INFO     Run scale 2 wld

08-06 09:14 analysis     INFO     Win Lose Draw
08-06 09:14 analysis     INFO     =============
08-06 09:14 analysis     INFO     
08-06 09:14 analysis     INFO     good_matches-scale:2;pl:995;tracker:nearest_neighbour won: 616
08-06 09:14 analysis     INFO     good_matches-scale:2;pl:850;tracker:nearest_neighbour won: 840
08-06 09:14 analysis     INFO     draw: 280
08-06 09:14 analysis     INFO     
08-06 09:14 analysis     INFO     Run scale 3 wld

08-06 09:14 analysis     INFO     Win Lose Draw
08-06 09:14 analysis     INFO     =============
08-06 09:14 analysis     INFO     
08-06 09:14 analysis     INFO     good_matches-scale:3;pl:995;tracker:nearest_neighbour won: 616
08-06 09:14 analysis     INFO     good_matches-scale:3;pl:850;tracker:nearest_neighbour won: 896
08-06 09:14 analysis     INFO     draw: 224
08-06 09:14 analysis     INFO     
08-06 09:14 analysis     INFO     Running tracking stats analysis for year 2006
08-06 09:14 analysis     INFO     Run analysis on col cumoveroverlap
08-06 09:14 analysis     INFO     Run full analysis

08-06 09:14 analysis     INFO     Analysing 56 ensemble members
08-06 09:14 analysis     INFO     Position on cumoveroverlap
08-06 09:14 analysis     INFO     ==========================
08-06 09:14 analysis     INFO     
08-06 09:14 analysis     INFO     good_matches-scale:1;pl:995;tracker:nearest_neighbour
08-06 09:14 analysis     INFO       [(0, 3), (1, 4), (2, 6), (3, 10), (4, 9), (5, 24)]
08-06 09:14 analysis     INFO     good_matches-scale:1;pl:850;tracker:nearest_neighbour
08-06 09:14 analysis     INFO       [(0, 4), (1, 3), (2, 10), (3, 12), (4, 12), (5, 15)]
08-06 09:14 analysis     INFO     good_matches-scale:2;pl:995;tracker:nearest_neighbour
08-06 09:14 analysis     INFO       [(0, 7), (1, 7), (2, 9), (3, 11), (4, 16), (5, 6)]
08-06 09:14 analysis     INFO     good_matches-scale:2;pl:850;tracker:nearest_neighbour
08-06 09:14 analysis     INFO       [(0, 11), (1, 15), (2, 10), (3, 9), (4, 6), (5, 5)]
08-06 09:14 analysis     INFO     good_matches-scale:3;pl:995;tracker:nearest_neighbour
08-06 09:14 analysis     INFO       [(0, 7), (1, 11), (2, 16), (3, 10), (4, 8), (5, 4)]
08-06 09:14 analysis     INFO     good_matches-scale:3;pl:850;tracker:nearest_neighbour
08-06 09:14 analysis     INFO       [(0, 24), (1, 16), (2, 5), (3, 4), (4, 5), (5, 2)]
08-06 09:14 analysis     INFO     
08-06 09:14 analysis     INFO     Run 995 analysis

08-06 09:14 analysis     INFO     Analysing 56 ensemble members
08-06 09:14 analysis     INFO     Position on cumoveroverlap
08-06 09:14 analysis     INFO     ==========================
08-06 09:14 analysis     INFO     
08-06 09:14 analysis     INFO     good_matches-scale:1;pl:995;tracker:nearest_neighbour
08-06 09:14 analysis     INFO       [(0, 10), (1, 9), (2, 37)]
08-06 09:14 analysis     INFO     good_matches-scale:2;pl:995;tracker:nearest_neighbour
08-06 09:14 analysis     INFO       [(0, 19), (1, 24), (2, 13)]
08-06 09:14 analysis     INFO     good_matches-scale:3;pl:995;tracker:nearest_neighbour
08-06 09:14 analysis     INFO       [(0, 27), (1, 23), (2, 6)]
08-06 09:14 analysis     INFO     
08-06 09:14 analysis     INFO     Run 850 analysis

08-06 09:14 analysis     INFO     Analysing 56 ensemble members
08-06 09:14 analysis     INFO     Position on cumoveroverlap
08-06 09:14 analysis     INFO     ==========================
08-06 09:14 analysis     INFO     
08-06 09:14 analysis     INFO     good_matches-scale:1;pl:850;tracker:nearest_neighbour
08-06 09:14 analysis     INFO       [(0, 6), (1, 11), (2, 39)]
08-06 09:14 analysis     INFO     good_matches-scale:2;pl:850;tracker:nearest_neighbour
08-06 09:14 analysis     INFO       [(0, 13), (1, 33), (2, 10)]
08-06 09:14 analysis     INFO     good_matches-scale:3;pl:850;tracker:nearest_neighbour
08-06 09:14 analysis     INFO       [(0, 37), (1, 12), (2, 7)]
08-06 09:14 analysis     INFO     
08-06 09:14 analysis     INFO     Run scale 1 analysis

08-06 09:14 analysis     INFO     Analysing 56 ensemble members
08-06 09:14 analysis     INFO     Position on cumoveroverlap
08-06 09:14 analysis     INFO     ==========================
08-06 09:14 analysis     INFO     
08-06 09:14 analysis     INFO     good_matches-scale:1;pl:995;tracker:nearest_neighbour
08-06 09:14 analysis     INFO       [(0, 24), (1, 32)]
08-06 09:14 analysis     INFO     good_matches-scale:1;pl:850;tracker:nearest_neighbour
08-06 09:14 analysis     INFO       [(0, 32), (1, 24)]
08-06 09:14 analysis     INFO     
08-06 09:14 analysis     INFO     Run scale 2 analysis

08-06 09:14 analysis     INFO     Analysing 56 ensemble members
08-06 09:14 analysis     INFO     Position on cumoveroverlap
08-06 09:14 analysis     INFO     ==========================
08-06 09:14 analysis     INFO     
08-06 09:14 analysis     INFO     good_matches-scale:2;pl:995;tracker:nearest_neighbour
08-06 09:14 analysis     INFO       [(0, 20), (1, 36)]
08-06 09:14 analysis     INFO     good_matches-scale:2;pl:850;tracker:nearest_neighbour
08-06 09:14 analysis     INFO       [(0, 36), (1, 20)]
08-06 09:14 analysis     INFO     
08-06 09:14 analysis     INFO     Run scale 3 analysis

08-06 09:14 analysis     INFO     Analysing 56 ensemble members
08-06 09:14 analysis     INFO     Position on cumoveroverlap
08-06 09:14 analysis     INFO     ==========================
08-06 09:14 analysis     INFO     
08-06 09:14 analysis     INFO     good_matches-scale:3;pl:995;tracker:nearest_neighbour
08-06 09:14 analysis     INFO       [(0, 16), (1, 40)]
08-06 09:14 analysis     INFO     good_matches-scale:3;pl:850;tracker:nearest_neighbour
08-06 09:14 analysis     INFO       [(0, 40), (1, 16)]
08-06 09:14 analysis     INFO     
08-06 09:14 analysis     INFO     Run analysis on col avgdistovermatches
08-06 09:14 analysis     INFO     Run full analysis

08-06 09:14 analysis     INFO     Analysing 56 ensemble members
08-06 09:14 analysis     INFO     Position on avgdistovermatches
08-06 09:14 analysis     INFO     ==============================
08-06 09:14 analysis     INFO     
08-06 09:14 analysis     INFO     good_matches-scale:1;pl:995;tracker:nearest_neighbour
08-06 09:14 analysis     INFO       [(0, 3), (1, 4), (2, 6), (3, 11), (4, 9), (5, 23)]
08-06 09:14 analysis     INFO     good_matches-scale:1;pl:850;tracker:nearest_neighbour
08-06 09:14 analysis     INFO       [(0, 5), (1, 5), (2, 12), (3, 9), (4, 11), (5, 14)]
08-06 09:14 analysis     INFO     good_matches-scale:2;pl:995;tracker:nearest_neighbour
08-06 09:14 analysis     INFO       [(0, 5), (1, 12), (2, 2), (3, 10), (4, 17), (5, 10)]
08-06 09:14 analysis     INFO     good_matches-scale:2;pl:850;tracker:nearest_neighbour
08-06 09:14 analysis     INFO       [(0, 8), (1, 13), (2, 11), (3, 13), (4, 7), (5, 4)]
08-06 09:14 analysis     INFO     good_matches-scale:3;pl:995;tracker:nearest_neighbour
08-06 09:14 analysis     INFO       [(0, 10), (1, 10), (2, 15), (3, 9), (4, 7), (5, 5)]
08-06 09:14 analysis     INFO     good_matches-scale:3;pl:850;tracker:nearest_neighbour
08-06 09:14 analysis     INFO       [(0, 25), (1, 12), (2, 10), (3, 4), (4, 5)]
08-06 09:14 analysis     INFO     
08-06 09:14 analysis     INFO     Run 995 analysis

08-06 09:14 analysis     INFO     Analysing 56 ensemble members
08-06 09:14 analysis     INFO     Position on avgdistovermatches
08-06 09:14 analysis     INFO     ==============================
08-06 09:14 analysis     INFO     
08-06 09:14 analysis     INFO     good_matches-scale:1;pl:995;tracker:nearest_neighbour
08-06 09:14 analysis     INFO       [(0, 10), (1, 12), (2, 34)]
08-06 09:14 analysis     INFO     good_matches-scale:2;pl:995;tracker:nearest_neighbour
08-06 09:14 analysis     INFO       [(0, 14), (1, 28), (2, 14)]
08-06 09:14 analysis     INFO     good_matches-scale:3;pl:995;tracker:nearest_neighbour
08-06 09:14 analysis     INFO       [(0, 32), (1, 16), (2, 8)]
08-06 09:14 analysis     INFO     
08-06 09:14 analysis     INFO     Run 850 analysis

08-06 09:14 analysis     INFO     Analysing 56 ensemble members
08-06 09:14 analysis     INFO     Position on avgdistovermatches
08-06 09:14 analysis     INFO     ==============================
08-06 09:14 analysis     INFO     
08-06 09:14 analysis     INFO     good_matches-scale:1;pl:850;tracker:nearest_neighbour
08-06 09:14 analysis     INFO       [(0, 7), (1, 14), (2, 35)]
08-06 09:14 analysis     INFO     good_matches-scale:2;pl:850;tracker:nearest_neighbour
08-06 09:14 analysis     INFO       [(0, 12), (1, 26), (2, 18)]
08-06 09:14 analysis     INFO     good_matches-scale:3;pl:850;tracker:nearest_neighbour
08-06 09:14 analysis     INFO       [(0, 37), (1, 16), (2, 3)]
08-06 09:14 analysis     INFO     
08-06 09:14 analysis     INFO     Run scale 1 analysis

08-06 09:14 analysis     INFO     Analysing 56 ensemble members
08-06 09:14 analysis     INFO     Position on avgdistovermatches
08-06 09:14 analysis     INFO     ==============================
08-06 09:14 analysis     INFO     
08-06 09:14 analysis     INFO     good_matches-scale:1;pl:995;tracker:nearest_neighbour
08-06 09:14 analysis     INFO       [(0, 22), (1, 34)]
08-06 09:14 analysis     INFO     good_matches-scale:1;pl:850;tracker:nearest_neighbour
08-06 09:14 analysis     INFO       [(0, 34), (1, 22)]
08-06 09:14 analysis     INFO     
08-06 09:14 analysis     INFO     Run scale 2 analysis

08-06 09:14 analysis     INFO     Analysing 56 ensemble members
08-06 09:14 analysis     INFO     Position on avgdistovermatches
08-06 09:14 analysis     INFO     ==============================
08-06 09:14 analysis     INFO     
08-06 09:14 analysis     INFO     good_matches-scale:2;pl:995;tracker:nearest_neighbour
08-06 09:14 analysis     INFO       [(0, 17), (1, 39)]
08-06 09:14 analysis     INFO     good_matches-scale:2;pl:850;tracker:nearest_neighbour
08-06 09:14 analysis     INFO       [(0, 39), (1, 17)]
08-06 09:14 analysis     INFO     
08-06 09:14 analysis     INFO     Run scale 3 analysis

08-06 09:14 analysis     INFO     Analysing 56 ensemble members
08-06 09:14 analysis     INFO     Position on avgdistovermatches
08-06 09:14 analysis     INFO     ==============================
08-06 09:14 analysis     INFO     
08-06 09:14 analysis     INFO     good_matches-scale:3;pl:995;tracker:nearest_neighbour
08-06 09:14 analysis     INFO       [(0, 16), (1, 40)]
08-06 09:14 analysis     INFO     good_matches-scale:3;pl:850;tracker:nearest_neighbour
08-06 09:14 analysis     INFO       [(0, 40), (1, 16)]
08-06 09:14 analysis     INFO     
08-06 09:14 analysis     INFO     Run analysis on col avgdist
08-06 09:14 analysis     INFO     Run full analysis

08-06 09:14 analysis     INFO     Analysing 56 ensemble members
08-06 09:14 analysis     INFO     Position on avgdist
08-06 09:14 analysis     INFO     ===================
08-06 09:14 analysis     INFO     
08-06 09:14 analysis     INFO     good_matches-scale:1;pl:995;tracker:nearest_neighbour
08-06 09:14 analysis     INFO       [(0, 7), (1, 10), (2, 7), (3, 9), (4, 11), (5, 12)]
08-06 09:14 analysis     INFO     good_matches-scale:1;pl:850;tracker:nearest_neighbour
08-06 09:14 analysis     INFO       [(0, 10), (1, 11), (2, 12), (3, 13), (4, 8), (5, 2)]
08-06 09:14 analysis     INFO     good_matches-scale:2;pl:995;tracker:nearest_neighbour
08-06 09:14 analysis     INFO       [(0, 7), (1, 7), (2, 10), (3, 8), (4, 12), (5, 12)]
08-06 09:14 analysis     INFO     good_matches-scale:2;pl:850;tracker:nearest_neighbour
08-06 09:14 analysis     INFO       [(0, 15), (1, 12), (2, 10), (3, 12), (4, 3), (5, 4)]
08-06 09:14 analysis     INFO     good_matches-scale:3;pl:995;tracker:nearest_neighbour
08-06 09:14 analysis     INFO       [(0, 4), (1, 4), (2, 6), (3, 9), (4, 13), (5, 20)]
08-06 09:14 analysis     INFO     good_matches-scale:3;pl:850;tracker:nearest_neighbour
08-06 09:14 analysis     INFO       [(0, 13), (1, 12), (2, 11), (3, 5), (4, 9), (5, 6)]
08-06 09:14 analysis     INFO     
08-06 09:14 analysis     INFO     Run 995 analysis

08-06 09:14 analysis     INFO     Analysing 56 ensemble members
08-06 09:14 analysis     INFO     Position on avgdist
08-06 09:14 analysis     INFO     ===================
08-06 09:14 analysis     INFO     
08-06 09:14 analysis     INFO     good_matches-scale:1;pl:995;tracker:nearest_neighbour
08-06 09:14 analysis     INFO       [(0, 24), (1, 17), (2, 15)]
08-06 09:14 analysis     INFO     good_matches-scale:2;pl:995;tracker:nearest_neighbour
08-06 09:14 analysis     INFO       [(0, 19), (1, 22), (2, 15)]
08-06 09:14 analysis     INFO     good_matches-scale:3;pl:995;tracker:nearest_neighbour
08-06 09:14 analysis     INFO       [(0, 13), (1, 17), (2, 26)]
08-06 09:14 analysis     INFO     
08-06 09:14 analysis     INFO     Run 850 analysis

08-06 09:14 analysis     INFO     Analysing 56 ensemble members
08-06 09:14 analysis     INFO     Position on avgdist
08-06 09:14 analysis     INFO     ===================
08-06 09:14 analysis     INFO     
08-06 09:14 analysis     INFO     good_matches-scale:1;pl:850;tracker:nearest_neighbour
08-06 09:14 analysis     INFO       [(0, 17), (1, 17), (2, 22)]
08-06 09:14 analysis     INFO     good_matches-scale:2;pl:850;tracker:nearest_neighbour
08-06 09:14 analysis     INFO       [(0, 21), (1, 20), (2, 15)]
08-06 09:14 analysis     INFO     good_matches-scale:3;pl:850;tracker:nearest_neighbour
08-06 09:14 analysis     INFO       [(0, 18), (1, 19), (2, 19)]
08-06 09:14 analysis     INFO     
08-06 09:14 analysis     INFO     Run scale 1 analysis

08-06 09:14 analysis     INFO     Analysing 56 ensemble members
08-06 09:14 analysis     INFO     Position on avgdist
08-06 09:14 analysis     INFO     ===================
08-06 09:14 analysis     INFO     
08-06 09:14 analysis     INFO     good_matches-scale:1;pl:995;tracker:nearest_neighbour
08-06 09:14 analysis     INFO       [(0, 19), (1, 37)]
08-06 09:14 analysis     INFO     good_matches-scale:1;pl:850;tracker:nearest_neighbour
08-06 09:14 analysis     INFO       [(0, 37), (1, 19)]
08-06 09:14 analysis     INFO     
08-06 09:14 analysis     INFO     Run scale 2 analysis

08-06 09:14 analysis     INFO     Analysing 56 ensemble members
08-06 09:14 analysis     INFO     Position on avgdist
08-06 09:14 analysis     INFO     ===================
08-06 09:14 analysis     INFO     
08-06 09:14 analysis     INFO     good_matches-scale:2;pl:995;tracker:nearest_neighbour
08-06 09:14 analysis     INFO       [(0, 18), (1, 38)]
08-06 09:14 analysis     INFO     good_matches-scale:2;pl:850;tracker:nearest_neighbour
08-06 09:14 analysis     INFO       [(0, 38), (1, 18)]
08-06 09:14 analysis     INFO     
08-06 09:14 analysis     INFO     Run scale 3 analysis

08-06 09:14 analysis     INFO     Analysing 56 ensemble members
08-06 09:14 analysis     INFO     Position on avgdist
08-06 09:14 analysis     INFO     ===================
08-06 09:14 analysis     INFO     
08-06 09:14 analysis     INFO     good_matches-scale:3;pl:995;tracker:nearest_neighbour
08-06 09:14 analysis     INFO       [(0, 14), (1, 42)]
08-06 09:14 analysis     INFO     good_matches-scale:3;pl:850;tracker:nearest_neighbour
08-06 09:14 analysis     INFO       [(0, 42), (1, 14)]
08-06 09:14 analysis     INFO     
08-06 09:14 analysis     INFO     Run scale 1 wld

08-06 09:14 analysis     INFO     Win Lose Draw
08-06 09:14 analysis     INFO     =============
08-06 09:14 analysis     INFO     
08-06 09:14 analysis     INFO     good_matches-scale:1;pl:995;tracker:nearest_neighbour won: 280
08-06 09:14 analysis     INFO     good_matches-scale:1;pl:850;tracker:nearest_neighbour won: 280
08-06 09:14 analysis     INFO     draw: 0
08-06 09:14 analysis     INFO     
08-06 09:14 analysis     INFO     Run scale 2 wld

08-06 09:14 analysis     INFO     Win Lose Draw
08-06 09:14 analysis     INFO     =============
08-06 09:14 analysis     INFO     
08-06 09:14 analysis     INFO     good_matches-scale:2;pl:995;tracker:nearest_neighbour won: 280
08-06 09:14 analysis     INFO     good_matches-scale:2;pl:850;tracker:nearest_neighbour won: 224
08-06 09:14 analysis     INFO     draw: 56
08-06 09:14 analysis     INFO     
08-06 09:14 analysis     INFO     Run scale 3 wld

08-06 09:14 analysis     INFO     Win Lose Draw
08-06 09:14 analysis     INFO     =============
08-06 09:14 analysis     INFO     
08-06 09:14 analysis     INFO     good_matches-scale:3;pl:995;tracker:nearest_neighbour won: 336
08-06 09:14 analysis     INFO     good_matches-scale:3;pl:850;tracker:nearest_neighbour won: 168
08-06 09:14 analysis     INFO     draw: 56
08-06 09:14 analysis     INFO     
08-06 09:14 analysis     INFO     Running tracking stats analysis for year 2007
08-06 09:14 analysis     INFO     Run analysis on col cumoveroverlap
08-06 09:14 analysis     INFO     Run full analysis

08-06 09:14 analysis     INFO     Analysing 56 ensemble members
08-06 09:14 analysis     INFO     Position on cumoveroverlap
08-06 09:14 analysis     INFO     ==========================
08-06 09:14 analysis     INFO     
08-06 09:14 analysis     INFO     good_matches-scale:1;pl:995;tracker:nearest_neighbour
08-06 09:14 analysis     INFO       [(0, 2), (1, 2), (2, 12), (3, 8), (4, 11), (5, 21)]
08-06 09:14 analysis     INFO     good_matches-scale:1;pl:850;tracker:nearest_neighbour
08-06 09:14 analysis     INFO       [(0, 5), (1, 6), (2, 6), (3, 6), (4, 18), (5, 15)]
08-06 09:14 analysis     INFO     good_matches-scale:2;pl:995;tracker:nearest_neighbour
08-06 09:14 analysis     INFO       [(0, 10), (1, 15), (2, 10), (3, 10), (4, 5), (5, 6)]
08-06 09:14 analysis     INFO     good_matches-scale:2;pl:850;tracker:nearest_neighbour
08-06 09:14 analysis     INFO       [(0, 8), (1, 8), (2, 12), (3, 15), (4, 5), (5, 8)]
08-06 09:14 analysis     INFO     good_matches-scale:3;pl:995;tracker:nearest_neighbour
08-06 09:14 analysis     INFO       [(0, 15), (1, 12), (2, 7), (3, 7), (4, 10), (5, 5)]
08-06 09:14 analysis     INFO     good_matches-scale:3;pl:850;tracker:nearest_neighbour
08-06 09:14 analysis     INFO       [(0, 16), (1, 13), (2, 9), (3, 10), (4, 7), (5, 1)]
08-06 09:14 analysis     INFO     
08-06 09:14 analysis     INFO     Run 995 analysis

08-06 09:14 analysis     INFO     Analysing 56 ensemble members
08-06 09:14 analysis     INFO     Position on cumoveroverlap
08-06 09:14 analysis     INFO     ==========================
08-06 09:14 analysis     INFO     
08-06 09:14 analysis     INFO     good_matches-scale:1;pl:995;tracker:nearest_neighbour
08-06 09:14 analysis     INFO       [(0, 10), (1, 10), (2, 36)]
08-06 09:14 analysis     INFO     good_matches-scale:2;pl:995;tracker:nearest_neighbour
08-06 09:14 analysis     INFO       [(0, 22), (1, 24), (2, 10)]
08-06 09:14 analysis     INFO     good_matches-scale:3;pl:995;tracker:nearest_neighbour
08-06 09:14 analysis     INFO       [(0, 24), (1, 22), (2, 10)]
08-06 09:14 analysis     INFO     
08-06 09:14 analysis     INFO     Run 850 analysis

08-06 09:14 analysis     INFO     Analysing 56 ensemble members
08-06 09:14 analysis     INFO     Position on cumoveroverlap
08-06 09:14 analysis     INFO     ==========================
08-06 09:14 analysis     INFO     
08-06 09:14 analysis     INFO     good_matches-scale:1;pl:850;tracker:nearest_neighbour
08-06 09:14 analysis     INFO       [(0, 11), (1, 10), (2, 35)]
08-06 09:14 analysis     INFO     good_matches-scale:2;pl:850;tracker:nearest_neighbour
08-06 09:14 analysis     INFO       [(0, 12), (1, 30), (2, 14)]
08-06 09:14 analysis     INFO     good_matches-scale:3;pl:850;tracker:nearest_neighbour
08-06 09:14 analysis     INFO       [(0, 33), (1, 16), (2, 7)]
08-06 09:14 analysis     INFO     
08-06 09:14 analysis     INFO     Run scale 1 analysis

08-06 09:14 analysis     INFO     Analysing 56 ensemble members
08-06 09:14 analysis     INFO     Position on cumoveroverlap
08-06 09:14 analysis     INFO     ==========================
08-06 09:14 analysis     INFO     
08-06 09:14 analysis     INFO     good_matches-scale:1;pl:995;tracker:nearest_neighbour
08-06 09:14 analysis     INFO       [(0, 24), (1, 32)]
08-06 09:14 analysis     INFO     good_matches-scale:1;pl:850;tracker:nearest_neighbour
08-06 09:14 analysis     INFO       [(0, 32), (1, 24)]
08-06 09:14 analysis     INFO     
08-06 09:14 analysis     INFO     Run scale 2 analysis

08-06 09:14 analysis     INFO     Analysing 56 ensemble members
08-06 09:14 analysis     INFO     Position on cumoveroverlap
08-06 09:14 analysis     INFO     ==========================
08-06 09:14 analysis     INFO     
08-06 09:14 analysis     INFO     good_matches-scale:2;pl:995;tracker:nearest_neighbour
08-06 09:14 analysis     INFO       [(0, 32), (1, 24)]
08-06 09:14 analysis     INFO     good_matches-scale:2;pl:850;tracker:nearest_neighbour
08-06 09:14 analysis     INFO       [(0, 24), (1, 32)]
08-06 09:14 analysis     INFO     
08-06 09:14 analysis     INFO     Run scale 3 analysis

08-06 09:14 analysis     INFO     Analysing 56 ensemble members
08-06 09:14 analysis     INFO     Position on cumoveroverlap
08-06 09:14 analysis     INFO     ==========================
08-06 09:14 analysis     INFO     
08-06 09:14 analysis     INFO     good_matches-scale:3;pl:995;tracker:nearest_neighbour
08-06 09:14 analysis     INFO       [(0, 26), (1, 30)]
08-06 09:14 analysis     INFO     good_matches-scale:3;pl:850;tracker:nearest_neighbour
08-06 09:14 analysis     INFO       [(0, 30), (1, 26)]
08-06 09:14 analysis     INFO     
08-06 09:14 analysis     INFO     Run analysis on col avgdistovermatches
08-06 09:14 analysis     INFO     Run full analysis

08-06 09:14 analysis     INFO     Analysing 56 ensemble members
08-06 09:14 analysis     INFO     Position on avgdistovermatches
08-06 09:14 analysis     INFO     ==============================
08-06 09:14 analysis     INFO     
08-06 09:14 analysis     INFO     good_matches-scale:1;pl:995;tracker:nearest_neighbour
08-06 09:14 analysis     INFO       [(0, 8), (1, 5), (2, 6), (3, 11), (4, 12), (5, 14)]
08-06 09:14 analysis     INFO     good_matches-scale:1;pl:850;tracker:nearest_neighbour
08-06 09:14 analysis     INFO       [(0, 3), (1, 4), (2, 6), (3, 8), (4, 11), (5, 24)]
08-06 09:14 analysis     INFO     good_matches-scale:2;pl:995;tracker:nearest_neighbour
08-06 09:14 analysis     INFO       [(0, 5), (1, 17), (2, 12), (3, 12), (4, 7), (5, 3)]
08-06 09:14 analysis     INFO     good_matches-scale:2;pl:850;tracker:nearest_neighbour
08-06 09:14 analysis     INFO       [(0, 9), (1, 6), (2, 12), (3, 10), (4, 9), (5, 10)]
08-06 09:14 analysis     INFO     good_matches-scale:3;pl:995;tracker:nearest_neighbour
08-06 09:14 analysis     INFO       [(0, 18), (1, 14), (2, 10), (3, 4), (4, 7), (5, 3)]
08-06 09:14 analysis     INFO     good_matches-scale:3;pl:850;tracker:nearest_neighbour
08-06 09:14 analysis     INFO       [(0, 13), (1, 10), (2, 10), (3, 11), (4, 10), (5, 2)]
08-06 09:14 analysis     INFO     
08-06 09:14 analysis     INFO     Run 995 analysis

08-06 09:14 analysis     INFO     Analysing 56 ensemble members
08-06 09:14 analysis     INFO     Position on avgdistovermatches
08-06 09:14 analysis     INFO     ==============================
08-06 09:14 analysis     INFO     
08-06 09:14 analysis     INFO     good_matches-scale:1;pl:995;tracker:nearest_neighbour
08-06 09:14 analysis     INFO       [(0, 14), (1, 9), (2, 33)]
08-06 09:14 analysis     INFO     good_matches-scale:2;pl:995;tracker:nearest_neighbour
08-06 09:14 analysis     INFO       [(0, 13), (1, 28), (2, 15)]
08-06 09:14 analysis     INFO     good_matches-scale:3;pl:995;tracker:nearest_neighbour
08-06 09:14 analysis     INFO       [(0, 29), (1, 19), (2, 8)]
08-06 09:14 analysis     INFO     
08-06 09:14 analysis     INFO     Run 850 analysis

08-06 09:14 analysis     INFO     Analysing 56 ensemble members
08-06 09:14 analysis     INFO     Position on avgdistovermatches
08-06 09:14 analysis     INFO     ==============================
08-06 09:14 analysis     INFO     
08-06 09:14 analysis     INFO     good_matches-scale:1;pl:850;tracker:nearest_neighbour
08-06 09:14 analysis     INFO       [(0, 8), (1, 13), (2, 35)]
08-06 09:14 analysis     INFO     good_matches-scale:2;pl:850;tracker:nearest_neighbour
08-06 09:14 analysis     INFO       [(0, 15), (1, 28), (2, 13)]
08-06 09:14 analysis     INFO     good_matches-scale:3;pl:850;tracker:nearest_neighbour
08-06 09:14 analysis     INFO       [(0, 33), (1, 15), (2, 8)]
08-06 09:14 analysis     INFO     
08-06 09:14 analysis     INFO     Run scale 1 analysis

08-06 09:14 analysis     INFO     Analysing 56 ensemble members
08-06 09:14 analysis     INFO     Position on avgdistovermatches
08-06 09:14 analysis     INFO     ==============================
08-06 09:14 analysis     INFO     
08-06 09:14 analysis     INFO     good_matches-scale:1;pl:995;tracker:nearest_neighbour
08-06 09:14 analysis     INFO       [(0, 34), (1, 22)]
08-06 09:14 analysis     INFO     good_matches-scale:1;pl:850;tracker:nearest_neighbour
08-06 09:14 analysis     INFO       [(0, 22), (1, 34)]
08-06 09:14 analysis     INFO     
08-06 09:14 analysis     INFO     Run scale 2 analysis

08-06 09:14 analysis     INFO     Analysing 56 ensemble members
08-06 09:14 analysis     INFO     Position on avgdistovermatches
08-06 09:14 analysis     INFO     ==============================
08-06 09:14 analysis     INFO     
08-06 09:14 analysis     INFO     good_matches-scale:2;pl:995;tracker:nearest_neighbour
08-06 09:14 analysis     INFO       [(0, 34), (1, 22)]
08-06 09:14 analysis     INFO     good_matches-scale:2;pl:850;tracker:nearest_neighbour
08-06 09:14 analysis     INFO       [(0, 22), (1, 34)]
08-06 09:14 analysis     INFO     
08-06 09:14 analysis     INFO     Run scale 3 analysis

08-06 09:14 analysis     INFO     Analysing 56 ensemble members
08-06 09:14 analysis     INFO     Position on avgdistovermatches
08-06 09:14 analysis     INFO     ==============================
08-06 09:14 analysis     INFO     
08-06 09:14 analysis     INFO     good_matches-scale:3;pl:995;tracker:nearest_neighbour
08-06 09:14 analysis     INFO       [(0, 33), (1, 23)]
08-06 09:14 analysis     INFO     good_matches-scale:3;pl:850;tracker:nearest_neighbour
08-06 09:14 analysis     INFO       [(0, 23), (1, 33)]
08-06 09:14 analysis     INFO     
08-06 09:14 analysis     INFO     Run analysis on col avgdist
08-06 09:14 analysis     INFO     Run full analysis

08-06 09:14 analysis     INFO     Analysing 56 ensemble members
08-06 09:14 analysis     INFO     Position on avgdist
08-06 09:14 analysis     INFO     ===================
08-06 09:14 analysis     INFO     
08-06 09:14 analysis     INFO     good_matches-scale:1;pl:995;tracker:nearest_neighbour
08-06 09:14 analysis     INFO       [(0, 6), (1, 4), (2, 12), (3, 11), (4, 12), (5, 11)]
08-06 09:14 analysis     INFO     good_matches-scale:1;pl:850;tracker:nearest_neighbour
08-06 09:14 analysis     INFO       [(0, 4), (1, 5), (2, 5), (3, 9), (4, 10), (5, 23)]
08-06 09:14 analysis     INFO     good_matches-scale:2;pl:995;tracker:nearest_neighbour
08-06 09:14 analysis     INFO       [(0, 8), (1, 26), (2, 10), (3, 4), (4, 6), (5, 2)]
08-06 09:14 analysis     INFO     good_matches-scale:2;pl:850;tracker:nearest_neighbour
08-06 09:14 analysis     INFO       [(0, 9), (1, 7), (2, 9), (3, 8), (4, 14), (5, 9)]
08-06 09:14 analysis     INFO     good_matches-scale:3;pl:995;tracker:nearest_neighbour
08-06 09:14 analysis     INFO       [(0, 16), (1, 11), (2, 9), (3, 11), (4, 5), (5, 4)]
08-06 09:14 analysis     INFO     good_matches-scale:3;pl:850;tracker:nearest_neighbour
08-06 09:14 analysis     INFO       [(0, 13), (1, 3), (2, 11), (3, 13), (4, 9), (5, 7)]
08-06 09:14 analysis     INFO     
08-06 09:14 analysis     INFO     Run 995 analysis

08-06 09:14 analysis     INFO     Analysing 56 ensemble members
08-06 09:14 analysis     INFO     Position on avgdist
08-06 09:14 analysis     INFO     ===================
08-06 09:14 analysis     INFO     
08-06 09:14 analysis     INFO     good_matches-scale:1;pl:995;tracker:nearest_neighbour
08-06 09:14 analysis     INFO       [(0, 9), (1, 10), (2, 37)]
08-06 09:14 analysis     INFO     good_matches-scale:2;pl:995;tracker:nearest_neighbour
08-06 09:14 analysis     INFO       [(0, 20), (1, 30), (2, 6)]
08-06 09:14 analysis     INFO     good_matches-scale:3;pl:995;tracker:nearest_neighbour
08-06 09:14 analysis     INFO       [(0, 27), (1, 16), (2, 13)]
08-06 09:14 analysis     INFO     
08-06 09:14 analysis     INFO     Run 850 analysis

08-06 09:14 analysis     INFO     Analysing 56 ensemble members
08-06 09:14 analysis     INFO     Position on avgdist
08-06 09:14 analysis     INFO     ===================
08-06 09:14 analysis     INFO     
08-06 09:14 analysis     INFO     good_matches-scale:1;pl:850;tracker:nearest_neighbour
08-06 09:14 analysis     INFO       [(0, 12), (1, 13), (2, 31)]
08-06 09:14 analysis     INFO     good_matches-scale:2;pl:850;tracker:nearest_neighbour
08-06 09:14 analysis     INFO       [(0, 18), (1, 24), (2, 14)]
08-06 09:14 analysis     INFO     good_matches-scale:3;pl:850;tracker:nearest_neighbour
08-06 09:14 analysis     INFO       [(0, 26), (1, 19), (2, 11)]
08-06 09:14 analysis     INFO     
08-06 09:14 analysis     INFO     Run scale 1 analysis

08-06 09:14 analysis     INFO     Analysing 56 ensemble members
08-06 09:14 analysis     INFO     Position on avgdist
08-06 09:14 analysis     INFO     ===================
08-06 09:14 analysis     INFO     
08-06 09:14 analysis     INFO     good_matches-scale:1;pl:995;tracker:nearest_neighbour
08-06 09:14 analysis     INFO       [(0, 36), (1, 20)]
08-06 09:14 analysis     INFO     good_matches-scale:1;pl:850;tracker:nearest_neighbour
08-06 09:14 analysis     INFO       [(0, 20), (1, 36)]
08-06 09:14 analysis     INFO     
08-06 09:14 analysis     INFO     Run scale 2 analysis

08-06 09:14 analysis     INFO     Analysing 56 ensemble members
08-06 09:14 analysis     INFO     Position on avgdist
08-06 09:14 analysis     INFO     ===================
08-06 09:14 analysis     INFO     
08-06 09:14 analysis     INFO     good_matches-scale:2;pl:995;tracker:nearest_neighbour
08-06 09:14 analysis     INFO       [(0, 37), (1, 19)]
08-06 09:14 analysis     INFO     good_matches-scale:2;pl:850;tracker:nearest_neighbour
08-06 09:14 analysis     INFO       [(0, 19), (1, 37)]
08-06 09:14 analysis     INFO     
08-06 09:14 analysis     INFO     Run scale 3 analysis

08-06 09:14 analysis     INFO     Analysing 56 ensemble members
08-06 09:14 analysis     INFO     Position on avgdist
08-06 09:14 analysis     INFO     ===================
08-06 09:14 analysis     INFO     
08-06 09:14 analysis     INFO     good_matches-scale:3;pl:995;tracker:nearest_neighbour
08-06 09:14 analysis     INFO       [(0, 34), (1, 22)]
08-06 09:14 analysis     INFO     good_matches-scale:3;pl:850;tracker:nearest_neighbour
08-06 09:14 analysis     INFO       [(0, 22), (1, 34)]
08-06 09:14 analysis     INFO     
08-06 09:14 analysis     INFO     Run scale 1 wld

08-06 09:14 analysis     INFO     Win Lose Draw
08-06 09:14 analysis     INFO     =============
08-06 09:14 analysis     INFO     
08-06 09:14 analysis     INFO     good_matches-scale:1;pl:995;tracker:nearest_neighbour won: 280
08-06 09:14 analysis     INFO     good_matches-scale:1;pl:850;tracker:nearest_neighbour won: 448
08-06 09:14 analysis     INFO     draw: 224
08-06 09:14 analysis     INFO     
08-06 09:14 analysis     INFO     Run scale 2 wld

08-06 09:14 analysis     INFO     Win Lose Draw
08-06 09:14 analysis     INFO     =============
08-06 09:14 analysis     INFO     
08-06 09:14 analysis     INFO     good_matches-scale:2;pl:995;tracker:nearest_neighbour won: 448
08-06 09:14 analysis     INFO     good_matches-scale:2;pl:850;tracker:nearest_neighbour won: 280
08-06 09:14 analysis     INFO     draw: 224
08-06 09:14 analysis     INFO     
08-06 09:14 analysis     INFO     Run scale 3 wld

08-06 09:14 analysis     INFO     Win Lose Draw
08-06 09:14 analysis     INFO     =============
08-06 09:14 analysis     INFO     
08-06 09:14 analysis     INFO     good_matches-scale:3;pl:995;tracker:nearest_neighbour won: 224
08-06 09:14 analysis     INFO     good_matches-scale:3;pl:850;tracker:nearest_neighbour won: 504
08-06 09:14 analysis     INFO     draw: 224
08-06 09:14 analysis     INFO     
08-06 11:02 analysis     INFO     Running tracking stats analysis for year 2005
08-06 11:02 analysis     INFO     Run analysis on col cumoveroverlap
08-06 11:02 analysis     INFO     Run full analysis

08-06 11:02 analysis     INFO     Analysing 56 ensemble members
08-06 11:02 analysis     INFO     Position on cumoveroverlap
08-06 11:02 analysis     INFO     ==========================
08-06 11:02 analysis     INFO     
08-06 11:02 analysis     INFO     good_matches-scale:1;pl:995;tracker:nearest_neighbour
08-06 11:02 analysis     INFO       [(0, 1), (1, 1), (2, 7), (3, 12), (4, 12), (5, 23)]
08-06 11:02 analysis     INFO     good_matches-scale:1;pl:850;tracker:nearest_neighbour
08-06 11:02 analysis     INFO       [(1, 2), (2, 9), (3, 7), (4, 17), (5, 21)]
08-06 11:02 analysis     INFO     good_matches-scale:2;pl:995;tracker:nearest_neighbour
08-06 11:02 analysis     INFO       [(0, 7), (1, 9), (2, 9), (3, 11), (4, 14), (5, 6)]
08-06 11:02 analysis     INFO     good_matches-scale:2;pl:850;tracker:nearest_neighbour
08-06 11:02 analysis     INFO       [(0, 9), (1, 17), (2, 13), (3, 9), (4, 5), (5, 3)]
08-06 11:02 analysis     INFO     good_matches-scale:3;pl:995;tracker:nearest_neighbour
08-06 11:02 analysis     INFO       [(0, 12), (1, 16), (2, 11), (3, 10), (4, 4), (5, 3)]
08-06 11:02 analysis     INFO     good_matches-scale:3;pl:850;tracker:nearest_neighbour
08-06 11:02 analysis     INFO       [(0, 27), (1, 11), (2, 7), (3, 7), (4, 4)]
08-06 11:02 analysis     INFO     
08-06 11:02 analysis     INFO     Run 995 analysis

08-06 11:02 analysis     INFO     Analysing 56 ensemble members
08-06 11:02 analysis     INFO     Position on cumoveroverlap
08-06 11:02 analysis     INFO     ==========================
08-06 11:02 analysis     INFO     
08-06 11:02 analysis     INFO     good_matches-scale:1;pl:995;tracker:nearest_neighbour
08-06 11:02 analysis     INFO       [(0, 7), (1, 9), (2, 40)]
08-06 11:02 analysis     INFO     good_matches-scale:2;pl:995;tracker:nearest_neighbour
08-06 11:02 analysis     INFO       [(0, 16), (1, 28), (2, 12)]
08-06 11:02 analysis     INFO     good_matches-scale:3;pl:995;tracker:nearest_neighbour
08-06 11:02 analysis     INFO       [(0, 33), (1, 19), (2, 4)]
08-06 11:02 analysis     INFO     
08-06 11:02 analysis     INFO     Run 850 analysis

08-06 11:02 analysis     INFO     Analysing 56 ensemble members
08-06 11:02 analysis     INFO     Position on cumoveroverlap
08-06 11:02 analysis     INFO     ==========================
08-06 11:02 analysis     INFO     
08-06 11:02 analysis     INFO     good_matches-scale:1;pl:850;tracker:nearest_neighbour
08-06 11:02 analysis     INFO       [(0, 1), (1, 9), (2, 46)]
08-06 11:02 analysis     INFO     good_matches-scale:2;pl:850;tracker:nearest_neighbour
08-06 11:02 analysis     INFO       [(0, 16), (1, 33), (2, 7)]
08-06 11:02 analysis     INFO     good_matches-scale:3;pl:850;tracker:nearest_neighbour
08-06 11:02 analysis     INFO       [(0, 39), (1, 14), (2, 3)]
08-06 11:02 analysis     INFO     
08-06 11:02 analysis     INFO     Run scale 1 analysis

08-06 11:02 analysis     INFO     Analysing 56 ensemble members
08-06 11:02 analysis     INFO     Position on cumoveroverlap
08-06 11:02 analysis     INFO     ==========================
08-06 11:02 analysis     INFO     
08-06 11:02 analysis     INFO     good_matches-scale:1;pl:995;tracker:nearest_neighbour
08-06 11:02 analysis     INFO       [(0, 27), (1, 29)]
08-06 11:02 analysis     INFO     good_matches-scale:1;pl:850;tracker:nearest_neighbour
08-06 11:02 analysis     INFO       [(0, 29), (1, 27)]
08-06 11:02 analysis     INFO     
08-06 11:02 analysis     INFO     Run scale 2 analysis

08-06 11:02 analysis     INFO     Analysing 56 ensemble members
08-06 11:02 analysis     INFO     Position on cumoveroverlap
08-06 11:02 analysis     INFO     ==========================
08-06 11:02 analysis     INFO     
08-06 11:02 analysis     INFO     good_matches-scale:2;pl:995;tracker:nearest_neighbour
08-06 11:02 analysis     INFO       [(0, 20), (1, 36)]
08-06 11:02 analysis     INFO     good_matches-scale:2;pl:850;tracker:nearest_neighbour
08-06 11:02 analysis     INFO       [(0, 36), (1, 20)]
08-06 11:02 analysis     INFO     
08-06 11:02 analysis     INFO     Run scale 3 analysis

08-06 11:02 analysis     INFO     Analysing 56 ensemble members
08-06 11:02 analysis     INFO     Position on cumoveroverlap
08-06 11:02 analysis     INFO     ==========================
08-06 11:02 analysis     INFO     
08-06 11:02 analysis     INFO     good_matches-scale:3;pl:995;tracker:nearest_neighbour
08-06 11:02 analysis     INFO       [(0, 21), (1, 35)]
08-06 11:02 analysis     INFO     good_matches-scale:3;pl:850;tracker:nearest_neighbour
08-06 11:02 analysis     INFO       [(0, 35), (1, 21)]
08-06 11:02 analysis     INFO     
08-06 11:02 analysis     INFO     Run analysis on col avgdistovermatches
08-06 11:02 analysis     INFO     Run full analysis

08-06 11:02 analysis     INFO     Analysing 56 ensemble members
08-06 11:02 analysis     INFO     Position on avgdistovermatches
08-06 11:02 analysis     INFO     ==============================
08-06 11:02 analysis     INFO     
08-06 11:02 analysis     INFO     good_matches-scale:1;pl:995;tracker:nearest_neighbour
08-06 11:02 analysis     INFO       [(0, 2), (1, 3), (2, 6), (3, 8), (4, 19), (5, 18)]
08-06 11:02 analysis     INFO     good_matches-scale:1;pl:850;tracker:nearest_neighbour
08-06 11:02 analysis     INFO       [(1, 5), (2, 9), (3, 7), (4, 12), (5, 23)]
08-06 11:02 analysis     INFO     good_matches-scale:2;pl:995;tracker:nearest_neighbour
08-06 11:02 analysis     INFO       [(0, 6), (1, 9), (2, 7), (3, 14), (4, 12), (5, 8)]
08-06 11:02 analysis     INFO     good_matches-scale:2;pl:850;tracker:nearest_neighbour
08-06 11:02 analysis     INFO       [(0, 7), (1, 13), (2, 14), (3, 9), (4, 10), (5, 3)]
08-06 11:02 analysis     INFO     good_matches-scale:3;pl:995;tracker:nearest_neighbour
08-06 11:02 analysis     INFO       [(0, 12), (1, 15), (2, 11), (3, 13), (4, 1), (5, 4)]
08-06 11:02 analysis     INFO     good_matches-scale:3;pl:850;tracker:nearest_neighbour
08-06 11:02 analysis     INFO       [(0, 29), (1, 11), (2, 9), (3, 5), (4, 2)]
08-06 11:02 analysis     INFO     
08-06 11:02 analysis     INFO     Run 995 analysis

08-06 11:02 analysis     INFO     Analysing 56 ensemble members
08-06 11:02 analysis     INFO     Position on avgdistovermatches
08-06 11:02 analysis     INFO     ==============================
08-06 11:02 analysis     INFO     
08-06 11:02 analysis     INFO     good_matches-scale:1;pl:995;tracker:nearest_neighbour
08-06 11:02 analysis     INFO       [(0, 7), (1, 14), (2, 35)]
08-06 11:02 analysis     INFO     good_matches-scale:2;pl:995;tracker:nearest_neighbour
08-06 11:02 analysis     INFO       [(0, 14), (1, 26), (2, 16)]
08-06 11:02 analysis     INFO     good_matches-scale:3;pl:995;tracker:nearest_neighbour
08-06 11:02 analysis     INFO       [(0, 35), (1, 16), (2, 5)]
08-06 11:02 analysis     INFO     
08-06 11:02 analysis     INFO     Run 850 analysis

08-06 11:02 analysis     INFO     Analysing 56 ensemble members
08-06 11:02 analysis     INFO     Position on avgdistovermatches
08-06 11:02 analysis     INFO     ==============================
08-06 11:02 analysis     INFO     
08-06 11:02 analysis     INFO     good_matches-scale:1;pl:850;tracker:nearest_neighbour
08-06 11:02 analysis     INFO       [(0, 1), (1, 12), (2, 43)]
08-06 11:02 analysis     INFO     good_matches-scale:2;pl:850;tracker:nearest_neighbour
08-06 11:02 analysis     INFO       [(0, 13), (1, 30), (2, 13)]
08-06 11:02 analysis     INFO     good_matches-scale:3;pl:850;tracker:nearest_neighbour
08-06 11:02 analysis     INFO       [(0, 42), (1, 14)]
08-06 11:02 analysis     INFO     
08-06 11:02 analysis     INFO     Run scale 1 analysis

08-06 11:02 analysis     INFO     Analysing 56 ensemble members
08-06 11:02 analysis     INFO     Position on avgdistovermatches
08-06 11:02 analysis     INFO     ==============================
08-06 11:02 analysis     INFO     
08-06 11:02 analysis     INFO     good_matches-scale:1;pl:995;tracker:nearest_neighbour
08-06 11:02 analysis     INFO       [(0, 30), (1, 26)]
08-06 11:02 analysis     INFO     good_matches-scale:1;pl:850;tracker:nearest_neighbour
08-06 11:02 analysis     INFO       [(0, 26), (1, 30)]
08-06 11:02 analysis     INFO     
08-06 11:02 analysis     INFO     Run scale 2 analysis

08-06 11:02 analysis     INFO     Analysing 56 ensemble members
08-06 11:02 analysis     INFO     Position on avgdistovermatches
08-06 11:02 analysis     INFO     ==============================
08-06 11:02 analysis     INFO     
08-06 11:02 analysis     INFO     good_matches-scale:2;pl:995;tracker:nearest_neighbour
08-06 11:02 analysis     INFO       [(0, 23), (1, 33)]
08-06 11:02 analysis     INFO     good_matches-scale:2;pl:850;tracker:nearest_neighbour
08-06 11:02 analysis     INFO       [(0, 33), (1, 23)]
08-06 11:02 analysis     INFO     
08-06 11:02 analysis     INFO     Run scale 3 analysis

08-06 11:02 analysis     INFO     Analysing 56 ensemble members
08-06 11:02 analysis     INFO     Position on avgdistovermatches
08-06 11:02 analysis     INFO     ==============================
08-06 11:02 analysis     INFO     
08-06 11:02 analysis     INFO     good_matches-scale:3;pl:995;tracker:nearest_neighbour
08-06 11:02 analysis     INFO       [(0, 18), (1, 38)]
08-06 11:02 analysis     INFO     good_matches-scale:3;pl:850;tracker:nearest_neighbour
08-06 11:02 analysis     INFO       [(0, 38), (1, 18)]
08-06 11:02 analysis     INFO     
08-06 11:02 analysis     INFO     Run analysis on col avgdist
08-06 11:02 analysis     INFO     Run full analysis

08-06 11:02 analysis     INFO     Analysing 56 ensemble members
08-06 11:02 analysis     INFO     Position on avgdist
08-06 11:02 analysis     INFO     ===================
08-06 11:02 analysis     INFO     
08-06 11:02 analysis     INFO     good_matches-scale:1;pl:995;tracker:nearest_neighbour
08-06 11:02 analysis     INFO       [(0, 12), (1, 6), (2, 10), (3, 13), (4, 9), (5, 6)]
08-06 11:02 analysis     INFO     good_matches-scale:1;pl:850;tracker:nearest_neighbour
08-06 11:02 analysis     INFO       [(0, 6), (1, 6), (2, 9), (3, 9), (4, 10), (5, 16)]
08-06 11:02 analysis     INFO     good_matches-scale:2;pl:995;tracker:nearest_neighbour
08-06 11:02 analysis     INFO       [(0, 9), (1, 13), (2, 9), (3, 5), (4, 8), (5, 12)]
08-06 11:02 analysis     INFO     good_matches-scale:2;pl:850;tracker:nearest_neighbour
08-06 11:02 analysis     INFO       [(0, 14), (1, 10), (2, 9), (3, 7), (4, 9), (5, 7)]
08-06 11:02 analysis     INFO     good_matches-scale:3;pl:995;tracker:nearest_neighbour
08-06 11:02 analysis     INFO       [(0, 7), (1, 9), (2, 8), (3, 10), (4, 12), (5, 10)]
08-06 11:02 analysis     INFO     good_matches-scale:3;pl:850;tracker:nearest_neighbour
08-06 11:02 analysis     INFO       [(0, 8), (1, 12), (2, 11), (3, 12), (4, 8), (5, 5)]
08-06 11:02 analysis     INFO     
08-06 11:02 analysis     INFO     Run 995 analysis

08-06 11:02 analysis     INFO     Analysing 56 ensemble members
08-06 11:02 analysis     INFO     Position on avgdist
08-06 11:02 analysis     INFO     ===================
08-06 11:02 analysis     INFO     
08-06 11:02 analysis     INFO     good_matches-scale:1;pl:995;tracker:nearest_neighbour
08-06 11:02 analysis     INFO       [(0, 24), (1, 14), (2, 18)]
08-06 11:02 analysis     INFO     good_matches-scale:2;pl:995;tracker:nearest_neighbour
08-06 11:02 analysis     INFO       [(0, 20), (1, 18), (2, 18)]
08-06 11:02 analysis     INFO     good_matches-scale:3;pl:995;tracker:nearest_neighbour
08-06 11:02 analysis     INFO       [(0, 12), (1, 24), (2, 20)]
08-06 11:02 analysis     INFO     
08-06 11:02 analysis     INFO     Run 850 analysis

08-06 11:02 analysis     INFO     Analysing 56 ensemble members
08-06 11:02 analysis     INFO     Position on avgdist
08-06 11:02 analysis     INFO     ===================
08-06 11:02 analysis     INFO     
08-06 11:02 analysis     INFO     good_matches-scale:1;pl:850;tracker:nearest_neighbour
08-06 11:02 analysis     INFO       [(0, 12), (1, 14), (2, 30)]
08-06 11:02 analysis     INFO     good_matches-scale:2;pl:850;tracker:nearest_neighbour
08-06 11:02 analysis     INFO       [(0, 21), (1, 24), (2, 11)]
08-06 11:02 analysis     INFO     good_matches-scale:3;pl:850;tracker:nearest_neighbour
08-06 11:02 analysis     INFO       [(0, 23), (1, 18), (2, 15)]
08-06 11:02 analysis     INFO     
08-06 11:02 analysis     INFO     Run scale 1 analysis

08-06 11:02 analysis     INFO     Analysing 56 ensemble members
08-06 11:02 analysis     INFO     Position on avgdist
08-06 11:02 analysis     INFO     ===================
08-06 11:02 analysis     INFO     
08-06 11:02 analysis     INFO     good_matches-scale:1;pl:995;tracker:nearest_neighbour
08-06 11:02 analysis     INFO       [(0, 35), (1, 21)]
08-06 11:02 analysis     INFO     good_matches-scale:1;pl:850;tracker:nearest_neighbour
08-06 11:02 analysis     INFO       [(0, 21), (1, 35)]
08-06 11:02 analysis     INFO     
08-06 11:02 analysis     INFO     Run scale 2 analysis

08-06 11:02 analysis     INFO     Analysing 56 ensemble members
08-06 11:02 analysis     INFO     Position on avgdist
08-06 11:02 analysis     INFO     ===================
08-06 11:02 analysis     INFO     
08-06 11:02 analysis     INFO     good_matches-scale:2;pl:995;tracker:nearest_neighbour
08-06 11:02 analysis     INFO       [(0, 25), (1, 31)]
08-06 11:02 analysis     INFO     good_matches-scale:2;pl:850;tracker:nearest_neighbour
08-06 11:02 analysis     INFO       [(0, 31), (1, 25)]
08-06 11:02 analysis     INFO     
08-06 11:02 analysis     INFO     Run scale 3 analysis

08-06 11:02 analysis     INFO     Analysing 56 ensemble members
08-06 11:02 analysis     INFO     Position on avgdist
08-06 11:02 analysis     INFO     ===================
08-06 11:02 analysis     INFO     
08-06 11:02 analysis     INFO     good_matches-scale:3;pl:995;tracker:nearest_neighbour
08-06 11:02 analysis     INFO       [(0, 22), (1, 34)]
08-06 11:02 analysis     INFO     good_matches-scale:3;pl:850;tracker:nearest_neighbour
08-06 11:02 analysis     INFO       [(0, 34), (1, 22)]
08-06 11:02 analysis     INFO     
08-06 11:02 analysis     INFO     Run scale 1 wld

08-06 11:02 analysis     INFO     Win Lose Draw
08-06 11:02 analysis     INFO     =============
08-06 11:02 analysis     INFO     
08-06 11:02 analysis     INFO     good_matches-scale:1;pl:995;tracker:nearest_neighbour won: 560
08-06 11:02 analysis     INFO     good_matches-scale:1;pl:850;tracker:nearest_neighbour won: 784
08-06 11:02 analysis     INFO     draw: 392
08-06 11:02 analysis     INFO     
08-06 11:02 analysis     INFO     Run scale 2 wld

08-06 11:02 analysis     INFO     Win Lose Draw
08-06 11:02 analysis     INFO     =============
08-06 11:02 analysis     INFO     
08-06 11:02 analysis     INFO     good_matches-scale:2;pl:995;tracker:nearest_neighbour won: 616
08-06 11:02 analysis     INFO     good_matches-scale:2;pl:850;tracker:nearest_neighbour won: 840
08-06 11:02 analysis     INFO     draw: 280
08-06 11:02 analysis     INFO     
08-06 11:02 analysis     INFO     Run scale 3 wld

08-06 11:02 analysis     INFO     Win Lose Draw
08-06 11:02 analysis     INFO     =============
08-06 11:02 analysis     INFO     
08-06 11:02 analysis     INFO     good_matches-scale:3;pl:995;tracker:nearest_neighbour won: 616
08-06 11:02 analysis     INFO     good_matches-scale:3;pl:850;tracker:nearest_neighbour won: 896
08-06 11:02 analysis     INFO     draw: 224
08-06 11:02 analysis     INFO     
